{"/Users/yiyue/repos/openlayers-serializer/src/common/error-handling.ts": {"path":"/Users/yiyue/repos/openlayers-serializer/src/common/error-handling.ts","statementMap":{"0":{"start":{"line":18,"column":4},"end":{"line":18,"column":null}},"1":{"start":{"line":19,"column":4},"end":{"line":19,"column":null}},"2":{"start":{"line":20,"column":4},"end":{"line":20,"column":null}},"3":{"start":{"line":21,"column":4},"end":{"line":21,"column":null}},"4":{"start":{"line":22,"column":4},"end":{"line":22,"column":null}},"5":{"start":{"line":37,"column":4},"end":{"line":37,"column":null}},"6":{"start":{"line":38,"column":4},"end":{"line":38,"column":null}},"7":{"start":{"line":39,"column":4},"end":{"line":39,"column":null}},"8":{"start":{"line":40,"column":4},"end":{"line":40,"column":null}},"9":{"start":{"line":41,"column":4},"end":{"line":41,"column":null}},"10":{"start":{"line":56,"column":4},"end":{"line":56,"column":null}},"11":{"start":{"line":57,"column":4},"end":{"line":57,"column":null}},"12":{"start":{"line":58,"column":4},"end":{"line":58,"column":null}},"13":{"start":{"line":59,"column":4},"end":{"line":59,"column":null}},"14":{"start":{"line":60,"column":4},"end":{"line":60,"column":null}},"15":{"start":{"line":73,"column":62},"end":{"line":78,"column":null}},"16":{"start":{"line":85,"column":4},"end":{"line":85,"column":null}},"17":{"start":{"line":96,"column":4},"end":{"line":101,"column":null}},"18":{"start":{"line":97,"column":6},"end":{"line":97,"column":null}},"19":{"start":{"line":99,"column":6},"end":{"line":99,"column":null}},"20":{"start":{"line":100,"column":6},"end":{"line":100,"column":null}},"21":{"start":{"line":112,"column":4},"end":{"line":117,"column":null}},"22":{"start":{"line":113,"column":6},"end":{"line":113,"column":null}},"23":{"start":{"line":115,"column":6},"end":{"line":115,"column":null}},"24":{"start":{"line":116,"column":6},"end":{"line":116,"column":null}},"25":{"start":{"line":124,"column":4},"end":{"line":126,"column":null}},"26":{"start":{"line":125,"column":6},"end":{"line":125,"column":null}},"27":{"start":{"line":128,"column":4},"end":{"line":130,"column":null}},"28":{"start":{"line":129,"column":6},"end":{"line":129,"column":null}},"29":{"start":{"line":137,"column":4},"end":{"line":139,"column":null}},"30":{"start":{"line":146,"column":31},"end":{"line":146,"column":null}},"31":{"start":{"line":149,"column":4},"end":{"line":151,"column":null}},"32":{"start":{"line":150,"column":6},"end":{"line":150,"column":null}},"33":{"start":{"line":154,"column":4},"end":{"line":157,"column":null}},"34":{"start":{"line":155,"column":6},"end":{"line":155,"column":null}},"35":{"start":{"line":156,"column":6},"end":{"line":156,"column":null}},"36":{"start":{"line":159,"column":4},"end":{"line":162,"column":null}},"37":{"start":{"line":160,"column":6},"end":{"line":160,"column":null}},"38":{"start":{"line":161,"column":6},"end":{"line":161,"column":null}},"39":{"start":{"line":164,"column":4},"end":{"line":167,"column":null}},"40":{"start":{"line":165,"column":6},"end":{"line":165,"column":null}},"41":{"start":{"line":166,"column":6},"end":{"line":166,"column":null}},"42":{"start":{"line":169,"column":4},"end":{"line":171,"column":null}},"43":{"start":{"line":170,"column":6},"end":{"line":170,"column":null}},"44":{"start":{"line":173,"column":4},"end":{"line":176,"column":null}},"45":{"start":{"line":174,"column":6},"end":{"line":174,"column":null}},"46":{"start":{"line":175,"column":6},"end":{"line":175,"column":null}},"47":{"start":{"line":179,"column":4},"end":{"line":192,"column":null}},"48":{"start":{"line":180,"column":33},"end":{"line":180,"column":null}},"49":{"start":{"line":181,"column":6},"end":{"line":186,"column":null}},"50":{"start":{"line":182,"column":8},"end":{"line":185,"column":null}},"51":{"start":{"line":188,"column":27},"end":{"line":188,"column":null}},"52":{"start":{"line":189,"column":6},"end":{"line":191,"column":null}},"53":{"start":{"line":190,"column":8},"end":{"line":190,"column":null}},"54":{"start":{"line":194,"column":4},"end":{"line":194,"column":null}},"55":{"start":{"line":201,"column":31},"end":{"line":201,"column":null}},"56":{"start":{"line":203,"column":4},"end":{"line":205,"column":null}},"57":{"start":{"line":204,"column":6},"end":{"line":204,"column":null}},"58":{"start":{"line":208,"column":4},"end":{"line":211,"column":null}},"59":{"start":{"line":209,"column":6},"end":{"line":209,"column":null}},"60":{"start":{"line":210,"column":6},"end":{"line":210,"column":null}},"61":{"start":{"line":214,"column":4},"end":{"line":217,"column":null}},"62":{"start":{"line":215,"column":6},"end":{"line":215,"column":null}},"63":{"start":{"line":216,"column":6},"end":{"line":216,"column":null}},"64":{"start":{"line":220,"column":4},"end":{"line":223,"column":null}},"65":{"start":{"line":221,"column":6},"end":{"line":221,"column":null}},"66":{"start":{"line":222,"column":6},"end":{"line":222,"column":null}},"67":{"start":{"line":226,"column":4},"end":{"line":229,"column":null}},"68":{"start":{"line":227,"column":6},"end":{"line":227,"column":null}},"69":{"start":{"line":228,"column":6},"end":{"line":228,"column":null}},"70":{"start":{"line":231,"column":4},"end":{"line":231,"column":null}},"71":{"start":{"line":238,"column":31},"end":{"line":238,"column":null}},"72":{"start":{"line":240,"column":4},"end":{"line":242,"column":null}},"73":{"start":{"line":241,"column":6},"end":{"line":241,"column":null}},"74":{"start":{"line":245,"column":4},"end":{"line":247,"column":null}},"75":{"start":{"line":246,"column":6},"end":{"line":246,"column":null}},"76":{"start":{"line":249,"column":4},"end":{"line":251,"column":null}},"77":{"start":{"line":250,"column":6},"end":{"line":250,"column":null}},"78":{"start":{"line":254,"column":4},"end":{"line":257,"column":null}},"79":{"start":{"line":255,"column":6},"end":{"line":255,"column":null}},"80":{"start":{"line":256,"column":6},"end":{"line":256,"column":null}},"81":{"start":{"line":259,"column":4},"end":{"line":262,"column":null}},"82":{"start":{"line":260,"column":6},"end":{"line":260,"column":null}},"83":{"start":{"line":261,"column":6},"end":{"line":261,"column":null}},"84":{"start":{"line":264,"column":4},"end":{"line":267,"column":null}},"85":{"start":{"line":265,"column":6},"end":{"line":265,"column":null}},"86":{"start":{"line":266,"column":6},"end":{"line":266,"column":null}},"87":{"start":{"line":269,"column":4},"end":{"line":272,"column":null}},"88":{"start":{"line":270,"column":6},"end":{"line":270,"column":null}},"89":{"start":{"line":271,"column":6},"end":{"line":271,"column":null}},"90":{"start":{"line":274,"column":4},"end":{"line":274,"column":null}},"91":{"start":{"line":281,"column":31},"end":{"line":281,"column":null}},"92":{"start":{"line":283,"column":4},"end":{"line":285,"column":null}},"93":{"start":{"line":284,"column":6},"end":{"line":284,"column":null}},"94":{"start":{"line":287,"column":4},"end":{"line":289,"column":null}},"95":{"start":{"line":288,"column":6},"end":{"line":288,"column":null}},"96":{"start":{"line":292,"column":4},"end":{"line":295,"column":null}},"97":{"start":{"line":293,"column":6},"end":{"line":293,"column":null}},"98":{"start":{"line":294,"column":6},"end":{"line":294,"column":null}},"99":{"start":{"line":297,"column":4},"end":{"line":300,"column":null}},"100":{"start":{"line":298,"column":6},"end":{"line":298,"column":null}},"101":{"start":{"line":299,"column":6},"end":{"line":299,"column":null}},"102":{"start":{"line":302,"column":4},"end":{"line":302,"column":null}},"103":{"start":{"line":307,"column":34},"end":{"line":307,"column":null}},"104":{"start":{"line":315,"column":2},"end":{"line":315,"column":null}},"105":{"start":{"line":323,"column":2},"end":{"line":323,"column":null}}},"fnMap":{"0":{"name":"(anonymous_0)","decl":{"start":{"line":12,"column":2},"end":{"line":12,"column":null}},"loc":{"start":{"line":17,"column":4},"end":{"line":23,"column":null}},"line":17},"1":{"name":"(anonymous_1)","decl":{"start":{"line":31,"column":2},"end":{"line":31,"column":null}},"loc":{"start":{"line":36,"column":4},"end":{"line":42,"column":null}},"line":36},"2":{"name":"(anonymous_2)","decl":{"start":{"line":50,"column":2},"end":{"line":50,"column":null}},"loc":{"start":{"line":55,"column":4},"end":{"line":61,"column":null}},"line":55},"3":{"name":"(anonymous_3)","decl":{"start":{"line":84,"column":2},"end":{"line":84,"column":14}},"loc":{"start":{"line":84,"column":72},"end":{"line":86,"column":null}},"line":84},"4":{"name":"(anonymous_4)","decl":{"start":{"line":91,"column":2},"end":{"line":91,"column":null}},"loc":{"start":{"line":95,"column":7},"end":{"line":102,"column":null}},"line":95},"5":{"name":"(anonymous_5)","decl":{"start":{"line":107,"column":8},"end":{"line":107,"column":null}},"loc":{"start":{"line":111,"column":16},"end":{"line":118,"column":null}},"line":111},"6":{"name":"(anonymous_6)","decl":{"start":{"line":123,"column":10},"end":{"line":123,"column":22}},"loc":{"start":{"line":123,"column":58},"end":{"line":131,"column":null}},"line":123},"7":{"name":"(anonymous_7)","decl":{"start":{"line":136,"column":10},"end":{"line":136,"column":26}},"loc":{"start":{"line":136,"column":47},"end":{"line":140,"column":null}},"line":136},"8":{"name":"(anonymous_8)","decl":{"start":{"line":145,"column":2},"end":{"line":145,"column":24}},"loc":{"start":{"line":145,"column":70},"end":{"line":195,"column":null}},"line":145},"9":{"name":"(anonymous_9)","decl":{"start":{"line":181,"column":39},"end":{"line":181,"column":40}},"loc":{"start":{"line":181,"column":55},"end":{"line":186,"column":7}},"line":181},"10":{"name":"(anonymous_10)","decl":{"start":{"line":200,"column":2},"end":{"line":200,"column":25}},"loc":{"start":{"line":200,"column":71},"end":{"line":232,"column":null}},"line":200},"11":{"name":"(anonymous_11)","decl":{"start":{"line":237,"column":2},"end":{"line":237,"column":26}},"loc":{"start":{"line":237,"column":72},"end":{"line":275,"column":null}},"line":237},"12":{"name":"(anonymous_12)","decl":{"start":{"line":280,"column":2},"end":{"line":280,"column":27}},"loc":{"start":{"line":280,"column":73},"end":{"line":303,"column":null}},"line":280},"13":{"name":"safeSerialize","decl":{"start":{"line":310,"column":16},"end":{"line":310,"column":null}},"loc":{"start":{"line":314,"column":5},"end":{"line":316,"column":null}},"line":314},"14":{"name":"safeDeserialize","decl":{"start":{"line":318,"column":16},"end":{"line":318,"column":null}},"loc":{"start":{"line":322,"column":5},"end":{"line":324,"column":null}},"line":322}},"branchMap":{"0":{"loc":{"start":{"line":14,"column":4},"end":{"line":14,"column":null}},"type":"default-arg","locations":[{"start":{"line":14,"column":19},"end":{"line":14,"column":null}}],"line":14},"1":{"loc":{"start":{"line":33,"column":4},"end":{"line":33,"column":null}},"type":"default-arg","locations":[{"start":{"line":33,"column":19},"end":{"line":33,"column":null}}],"line":33},"2":{"loc":{"start":{"line":52,"column":4},"end":{"line":52,"column":null}},"type":"default-arg","locations":[{"start":{"line":52,"column":19},"end":{"line":52,"column":null}}],"line":52},"3":{"loc":{"start":{"line":84,"column":14},"end":{"line":84,"column":72}},"type":"default-arg","locations":[{"start":{"line":84,"column":46},"end":{"line":84,"column":72}}],"line":84},"4":{"loc":{"start":{"line":124,"column":4},"end":{"line":126,"column":null}},"type":"if","locations":[{"start":{"line":124,"column":4},"end":{"line":126,"column":null}},{"start":{},"end":{}}],"line":124},"5":{"loc":{"start":{"line":125,"column":31},"end":{"line":125,"column":59}},"type":"binary-expr","locations":[{"start":{"line":125,"column":31},"end":{"line":125,"column":42}},{"start":{"line":125,"column":42},"end":{"line":125,"column":59}}],"line":125},"6":{"loc":{"start":{"line":128,"column":4},"end":{"line":130,"column":null}},"type":"if","locations":[{"start":{"line":128,"column":4},"end":{"line":130,"column":null}},{"start":{},"end":{}}],"line":128},"7":{"loc":{"start":{"line":128,"column":8},"end":{"line":128,"column":75}},"type":"binary-expr","locations":[{"start":{"line":128,"column":8},"end":{"line":128,"column":46}},{"start":{"line":128,"column":46},"end":{"line":128,"column":75}}],"line":128},"8":{"loc":{"start":{"line":137,"column":11},"end":{"line":139,"column":null}},"type":"binary-expr","locations":[{"start":{"line":137,"column":11},"end":{"line":137,"column":null}},{"start":{"line":138,"column":11},"end":{"line":138,"column":null}},{"start":{"line":139,"column":12},"end":{"line":139,"column":53}},{"start":{"line":139,"column":53},"end":{"line":139,"column":null}}],"line":137},"9":{"loc":{"start":{"line":149,"column":4},"end":{"line":151,"column":null}},"type":"if","locations":[{"start":{"line":149,"column":4},"end":{"line":151,"column":null}},{"start":{},"end":{}}],"line":149},"10":{"loc":{"start":{"line":149,"column":8},"end":{"line":149,"column":43}},"type":"binary-expr","locations":[{"start":{"line":149,"column":8},"end":{"line":149,"column":17}},{"start":{"line":149,"column":17},"end":{"line":149,"column":43}}],"line":149},"11":{"loc":{"start":{"line":154,"column":4},"end":{"line":157,"column":null}},"type":"if","locations":[{"start":{"line":154,"column":4},"end":{"line":157,"column":null}},{"start":{},"end":{}}],"line":154},"12":{"loc":{"start":{"line":159,"column":4},"end":{"line":162,"column":null}},"type":"if","locations":[{"start":{"line":159,"column":4},"end":{"line":162,"column":null}},{"start":{},"end":{}}],"line":159},"13":{"loc":{"start":{"line":164,"column":4},"end":{"line":167,"column":null}},"type":"if","locations":[{"start":{"line":164,"column":4},"end":{"line":167,"column":null}},{"start":{},"end":{}}],"line":164},"14":{"loc":{"start":{"line":169,"column":4},"end":{"line":171,"column":null}},"type":"if","locations":[{"start":{"line":169,"column":4},"end":{"line":171,"column":null}},{"start":{},"end":{}}],"line":169},"15":{"loc":{"start":{"line":173,"column":4},"end":{"line":176,"column":null}},"type":"if","locations":[{"start":{"line":173,"column":4},"end":{"line":176,"column":null}},{"start":{},"end":{}}],"line":173},"16":{"loc":{"start":{"line":179,"column":4},"end":{"line":192,"column":null}},"type":"if","locations":[{"start":{"line":179,"column":4},"end":{"line":192,"column":null}},{"start":{},"end":{}}],"line":179},"17":{"loc":{"start":{"line":182,"column":15},"end":{"line":185,"column":null}},"type":"binary-expr","locations":[{"start":{"line":182,"column":15},"end":{"line":182,"column":null}},{"start":{"line":183,"column":15},"end":{"line":183,"column":null}},{"start":{"line":184,"column":15},"end":{"line":184,"column":null}},{"start":{"line":185,"column":15},"end":{"line":185,"column":null}}],"line":182},"18":{"loc":{"start":{"line":189,"column":6},"end":{"line":191,"column":null}},"type":"if","locations":[{"start":{"line":189,"column":6},"end":{"line":191,"column":null}},{"start":{},"end":{}}],"line":189},"19":{"loc":{"start":{"line":203,"column":4},"end":{"line":205,"column":null}},"type":"if","locations":[{"start":{"line":203,"column":4},"end":{"line":205,"column":null}},{"start":{},"end":{}}],"line":203},"20":{"loc":{"start":{"line":203,"column":8},"end":{"line":203,"column":43}},"type":"binary-expr","locations":[{"start":{"line":203,"column":8},"end":{"line":203,"column":17}},{"start":{"line":203,"column":17},"end":{"line":203,"column":43}}],"line":203},"21":{"loc":{"start":{"line":208,"column":4},"end":{"line":211,"column":null}},"type":"if","locations":[{"start":{"line":208,"column":4},"end":{"line":211,"column":null}},{"start":{},"end":{}}],"line":208},"22":{"loc":{"start":{"line":208,"column":8},"end":{"line":208,"column":65}},"type":"binary-expr","locations":[{"start":{"line":208,"column":8},"end":{"line":208,"column":39}},{"start":{"line":208,"column":39},"end":{"line":208,"column":65}}],"line":208},"23":{"loc":{"start":{"line":214,"column":4},"end":{"line":217,"column":null}},"type":"if","locations":[{"start":{"line":214,"column":4},"end":{"line":217,"column":null}},{"start":{},"end":{}}],"line":214},"24":{"loc":{"start":{"line":214,"column":8},"end":{"line":214,"column":74}},"type":"binary-expr","locations":[{"start":{"line":214,"column":8},"end":{"line":214,"column":41}},{"start":{"line":214,"column":41},"end":{"line":214,"column":58}},{"start":{"line":214,"column":58},"end":{"line":214,"column":74}}],"line":214},"25":{"loc":{"start":{"line":220,"column":4},"end":{"line":223,"column":null}},"type":"if","locations":[{"start":{"line":220,"column":4},"end":{"line":223,"column":null}},{"start":{},"end":{}}],"line":220},"26":{"loc":{"start":{"line":226,"column":4},"end":{"line":229,"column":null}},"type":"if","locations":[{"start":{"line":226,"column":4},"end":{"line":229,"column":null}},{"start":{},"end":{}}],"line":226},"27":{"loc":{"start":{"line":240,"column":4},"end":{"line":242,"column":null}},"type":"if","locations":[{"start":{"line":240,"column":4},"end":{"line":242,"column":null}},{"start":{},"end":{}}],"line":240},"28":{"loc":{"start":{"line":240,"column":8},"end":{"line":240,"column":43}},"type":"binary-expr","locations":[{"start":{"line":240,"column":8},"end":{"line":240,"column":17}},{"start":{"line":240,"column":17},"end":{"line":240,"column":43}}],"line":240},"29":{"loc":{"start":{"line":245,"column":4},"end":{"line":247,"column":null}},"type":"if","locations":[{"start":{"line":245,"column":4},"end":{"line":247,"column":null}},{"start":{},"end":{}}],"line":245},"30":{"loc":{"start":{"line":249,"column":4},"end":{"line":251,"column":null}},"type":"if","locations":[{"start":{"line":249,"column":4},"end":{"line":251,"column":null}},{"start":{},"end":{}}],"line":249},"31":{"loc":{"start":{"line":254,"column":4},"end":{"line":257,"column":null}},"type":"if","locations":[{"start":{"line":254,"column":4},"end":{"line":257,"column":null}},{"start":{},"end":{}}],"line":254},"32":{"loc":{"start":{"line":259,"column":4},"end":{"line":262,"column":null}},"type":"if","locations":[{"start":{"line":259,"column":4},"end":{"line":262,"column":null}},{"start":{},"end":{}}],"line":259},"33":{"loc":{"start":{"line":264,"column":4},"end":{"line":267,"column":null}},"type":"if","locations":[{"start":{"line":264,"column":4},"end":{"line":267,"column":null}},{"start":{},"end":{}}],"line":264},"34":{"loc":{"start":{"line":264,"column":8},"end":{"line":264,"column":82}},"type":"binary-expr","locations":[{"start":{"line":264,"column":8},"end":{"line":264,"column":44}},{"start":{"line":264,"column":44},"end":{"line":264,"column":64}},{"start":{"line":264,"column":64},"end":{"line":264,"column":82}}],"line":264},"35":{"loc":{"start":{"line":269,"column":4},"end":{"line":272,"column":null}},"type":"if","locations":[{"start":{"line":269,"column":4},"end":{"line":272,"column":null}},{"start":{},"end":{}}],"line":269},"36":{"loc":{"start":{"line":283,"column":4},"end":{"line":285,"column":null}},"type":"if","locations":[{"start":{"line":283,"column":4},"end":{"line":285,"column":null}},{"start":{},"end":{}}],"line":283},"37":{"loc":{"start":{"line":283,"column":8},"end":{"line":283,"column":43}},"type":"binary-expr","locations":[{"start":{"line":283,"column":8},"end":{"line":283,"column":17}},{"start":{"line":283,"column":17},"end":{"line":283,"column":43}}],"line":283},"38":{"loc":{"start":{"line":287,"column":4},"end":{"line":289,"column":null}},"type":"if","locations":[{"start":{"line":287,"column":4},"end":{"line":289,"column":null}},{"start":{},"end":{}}],"line":287},"39":{"loc":{"start":{"line":292,"column":4},"end":{"line":295,"column":null}},"type":"if","locations":[{"start":{"line":292,"column":4},"end":{"line":295,"column":null}},{"start":{},"end":{}}],"line":292},"40":{"loc":{"start":{"line":297,"column":4},"end":{"line":300,"column":null}},"type":"if","locations":[{"start":{"line":297,"column":4},"end":{"line":300,"column":null}},{"start":{},"end":{}}],"line":297}},"s":{"0":1,"1":1,"2":1,"3":1,"4":1,"5":2,"6":2,"7":2,"8":2,"9":2,"10":8,"11":8,"12":8,"13":8,"14":8,"15":2,"16":24,"17":8,"18":8,"19":5,"20":5,"21":2,"22":2,"23":1,"24":1,"25":6,"26":4,"27":6,"28":1,"29":1,"30":7,"31":7,"32":2,"33":5,"34":1,"35":1,"36":5,"37":1,"38":1,"39":5,"40":2,"41":2,"42":5,"43":2,"44":3,"45":1,"46":1,"47":3,"48":3,"49":3,"50":4,"51":3,"52":3,"53":1,"54":3,"55":3,"56":3,"57":0,"58":3,"59":1,"60":1,"61":3,"62":1,"63":1,"64":3,"65":3,"66":3,"67":3,"68":3,"69":3,"70":3,"71":3,"72":3,"73":0,"74":3,"75":1,"76":2,"77":1,"78":1,"79":1,"80":1,"81":1,"82":1,"83":1,"84":1,"85":1,"86":1,"87":1,"88":1,"89":1,"90":1,"91":2,"92":2,"93":0,"94":2,"95":1,"96":1,"97":1,"98":1,"99":1,"100":1,"101":1,"102":1,"103":2,"104":2,"105":2},"f":{"0":1,"1":2,"2":8,"3":24,"4":8,"5":2,"6":6,"7":1,"8":7,"9":4,"10":3,"11":3,"12":2,"13":2,"14":2},"b":{"0":[1],"1":[2],"2":[8],"3":[24],"4":[4,2],"5":[4,2],"6":[1,5],"7":[6,1],"8":[1,0,0,0],"9":[2,5],"10":[7,6],"11":[1,4],"12":[1,4],"13":[2,3],"14":[2,3],"15":[1,2],"16":[3,0],"17":[4,3,3,2],"18":[1,2],"19":[0,3],"20":[3,3],"21":[1,2],"22":[3,2],"23":[1,2],"24":[3,3,2],"25":[3,0],"26":[3,0],"27":[0,3],"28":[3,3],"29":[1,2],"30":[1,1],"31":[1,0],"32":[1,0],"33":[1,0],"34":[1,0,0],"35":[1,0],"36":[0,2],"37":[2,2],"38":[1,1],"39":[1,0],"40":[1,0]},"meta":{"lastBranch":41,"lastFunction":15,"lastStatement":106,"seen":{"f:12:2:12:Infinity":0,"b:14:19:14:Infinity":0,"s:18:4:18:Infinity":0,"s:19:4:19:Infinity":1,"s:20:4:20:Infinity":2,"s:21:4:21:Infinity":3,"s:22:4:22:Infinity":4,"f:31:2:31:Infinity":1,"b:33:19:33:Infinity":1,"s:37:4:37:Infinity":5,"s:38:4:38:Infinity":6,"s:39:4:39:Infinity":7,"s:40:4:40:Infinity":8,"s:41:4:41:Infinity":9,"f:50:2:50:Infinity":2,"b:52:19:52:Infinity":2,"s:56:4:56:Infinity":10,"s:57:4:57:Infinity":11,"s:58:4:58:Infinity":12,"s:59:4:59:Infinity":13,"s:60:4:60:Infinity":14,"s:73:62:78:Infinity":15,"f:84:2:84:14":3,"b:84:46:84:72":3,"s:85:4:85:Infinity":16,"f:91:2:91:Infinity":4,"s:96:4:101:Infinity":17,"s:97:6:97:Infinity":18,"s:99:6:99:Infinity":19,"s:100:6:100:Infinity":20,"f:107:8:107:Infinity":5,"s:112:4:117:Infinity":21,"s:113:6:113:Infinity":22,"s:115:6:115:Infinity":23,"s:116:6:116:Infinity":24,"f:123:10:123:22":6,"b:124:4:126:Infinity:undefined:undefined:undefined:undefined":4,"s:124:4:126:Infinity":25,"s:125:6:125:Infinity":26,"b:125:31:125:42:125:42:125:59":5,"b:128:4:130:Infinity:undefined:undefined:undefined:undefined":6,"s:128:4:130:Infinity":27,"b:128:8:128:46:128:46:128:75":7,"s:129:6:129:Infinity":28,"f:136:10:136:26":7,"s:137:4:139:Infinity":29,"b:137:11:137:Infinity:138:11:138:Infinity:139:12:139:53:139:53:139:Infinity":8,"f:145:2:145:24":8,"s:146:31:146:Infinity":30,"b:149:4:151:Infinity:undefined:undefined:undefined:undefined":9,"s:149:4:151:Infinity":31,"b:149:8:149:17:149:17:149:43":10,"s:150:6:150:Infinity":32,"b:154:4:157:Infinity:undefined:undefined:undefined:undefined":11,"s:154:4:157:Infinity":33,"s:155:6:155:Infinity":34,"s:156:6:156:Infinity":35,"b:159:4:162:Infinity:undefined:undefined:undefined:undefined":12,"s:159:4:162:Infinity":36,"s:160:6:160:Infinity":37,"s:161:6:161:Infinity":38,"b:164:4:167:Infinity:undefined:undefined:undefined:undefined":13,"s:164:4:167:Infinity":39,"s:165:6:165:Infinity":40,"s:166:6:166:Infinity":41,"b:169:4:171:Infinity:undefined:undefined:undefined:undefined":14,"s:169:4:171:Infinity":42,"s:170:6:170:Infinity":43,"b:173:4:176:Infinity:undefined:undefined:undefined:undefined":15,"s:173:4:176:Infinity":44,"s:174:6:174:Infinity":45,"s:175:6:175:Infinity":46,"b:179:4:192:Infinity:undefined:undefined:undefined:undefined":16,"s:179:4:192:Infinity":47,"s:180:33:180:Infinity":48,"s:181:6:186:Infinity":49,"f:181:39:181:40":9,"s:182:8:185:Infinity":50,"b:182:15:182:Infinity:183:15:183:Infinity:184:15:184:Infinity:185:15:185:Infinity":17,"s:188:27:188:Infinity":51,"b:189:6:191:Infinity:undefined:undefined:undefined:undefined":18,"s:189:6:191:Infinity":52,"s:190:8:190:Infinity":53,"s:194:4:194:Infinity":54,"f:200:2:200:25":10,"s:201:31:201:Infinity":55,"b:203:4:205:Infinity:undefined:undefined:undefined:undefined":19,"s:203:4:205:Infinity":56,"b:203:8:203:17:203:17:203:43":20,"s:204:6:204:Infinity":57,"b:208:4:211:Infinity:undefined:undefined:undefined:undefined":21,"s:208:4:211:Infinity":58,"b:208:8:208:39:208:39:208:65":22,"s:209:6:209:Infinity":59,"s:210:6:210:Infinity":60,"b:214:4:217:Infinity:undefined:undefined:undefined:undefined":23,"s:214:4:217:Infinity":61,"b:214:8:214:41:214:41:214:58:214:58:214:74":24,"s:215:6:215:Infinity":62,"s:216:6:216:Infinity":63,"b:220:4:223:Infinity:undefined:undefined:undefined:undefined":25,"s:220:4:223:Infinity":64,"s:221:6:221:Infinity":65,"s:222:6:222:Infinity":66,"b:226:4:229:Infinity:undefined:undefined:undefined:undefined":26,"s:226:4:229:Infinity":67,"s:227:6:227:Infinity":68,"s:228:6:228:Infinity":69,"s:231:4:231:Infinity":70,"f:237:2:237:26":11,"s:238:31:238:Infinity":71,"b:240:4:242:Infinity:undefined:undefined:undefined:undefined":27,"s:240:4:242:Infinity":72,"b:240:8:240:17:240:17:240:43":28,"s:241:6:241:Infinity":73,"b:245:4:247:Infinity:undefined:undefined:undefined:undefined":29,"s:245:4:247:Infinity":74,"s:246:6:246:Infinity":75,"b:249:4:251:Infinity:undefined:undefined:undefined:undefined":30,"s:249:4:251:Infinity":76,"s:250:6:250:Infinity":77,"b:254:4:257:Infinity:undefined:undefined:undefined:undefined":31,"s:254:4:257:Infinity":78,"s:255:6:255:Infinity":79,"s:256:6:256:Infinity":80,"b:259:4:262:Infinity:undefined:undefined:undefined:undefined":32,"s:259:4:262:Infinity":81,"s:260:6:260:Infinity":82,"s:261:6:261:Infinity":83,"b:264:4:267:Infinity:undefined:undefined:undefined:undefined":33,"s:264:4:267:Infinity":84,"b:264:8:264:44:264:44:264:64:264:64:264:82":34,"s:265:6:265:Infinity":85,"s:266:6:266:Infinity":86,"b:269:4:272:Infinity:undefined:undefined:undefined:undefined":35,"s:269:4:272:Infinity":87,"s:270:6:270:Infinity":88,"s:271:6:271:Infinity":89,"s:274:4:274:Infinity":90,"f:280:2:280:27":12,"s:281:31:281:Infinity":91,"b:283:4:285:Infinity:undefined:undefined:undefined:undefined":36,"s:283:4:285:Infinity":92,"b:283:8:283:17:283:17:283:43":37,"s:284:6:284:Infinity":93,"b:287:4:289:Infinity:undefined:undefined:undefined:undefined":38,"s:287:4:289:Infinity":94,"s:288:6:288:Infinity":95,"b:292:4:295:Infinity:undefined:undefined:undefined:undefined":39,"s:292:4:295:Infinity":96,"s:293:6:293:Infinity":97,"s:294:6:294:Infinity":98,"b:297:4:300:Infinity:undefined:undefined:undefined:undefined":40,"s:297:4:300:Infinity":99,"s:298:6:298:Infinity":100,"s:299:6:299:Infinity":101,"s:302:4:302:Infinity":102,"s:307:34:307:Infinity":103,"f:310:16:310:Infinity":13,"s:315:2:315:Infinity":104,"f:318:16:318:Infinity":14,"s:323:2:323:Infinity":105}}}
,"/Users/yiyue/repos/openlayers-serializer/src/common/registry.ts": {"path":"/Users/yiyue/repos/openlayers-serializer/src/common/registry.ts","statementMap":{"0":{"start":{"line":1,"column":65},"end":{"line":1,"column":null}},"1":{"start":{"line":4,"column":2},"end":{"line":4,"column":null}},"2":{"start":{"line":8,"column":2},"end":{"line":8,"column":null}},"3":{"start":{"line":17,"column":2},"end":{"line":52,"column":null}},"4":{"start":{"line":18,"column":25},"end":{"line":18,"column":null}},"5":{"start":{"line":19,"column":27},"end":{"line":19,"column":null}},"6":{"start":{"line":22,"column":24},"end":{"line":33,"column":null}},"7":{"start":{"line":36,"column":28},"end":{"line":46,"column":null}},"8":{"start":{"line":48,"column":4},"end":{"line":48,"column":null}},"9":{"start":{"line":50,"column":4},"end":{"line":50,"column":null}},"10":{"start":{"line":51,"column":4},"end":{"line":51,"column":null}}},"fnMap":{"0":{"name":"registerFunction","decl":{"start":{"line":3,"column":16},"end":{"line":3,"column":33}},"loc":{"start":{"line":3,"column":82},"end":{"line":5,"column":null}},"line":3},"1":{"name":"registerItem","decl":{"start":{"line":7,"column":16},"end":{"line":7,"column":29}},"loc":{"start":{"line":7,"column":61},"end":{"line":9,"column":null}},"line":7},"2":{"name":"injectFunction","decl":{"start":{"line":16,"column":16},"end":{"line":16,"column":31}},"loc":{"start":{"line":16,"column":53},"end":{"line":53,"column":null}},"line":16}},"branchMap":{},"s":{"0":1,"1":0,"2":7,"3":0,"4":0,"5":0,"6":0,"7":0,"8":0,"9":0,"10":0},"f":{"0":0,"1":7,"2":0},"b":{},"meta":{"lastBranch":0,"lastFunction":3,"lastStatement":11,"seen":{"s:1:65:1:Infinity":0,"f:3:16:3:33":0,"s:4:2:4:Infinity":1,"f:7:16:7:29":1,"s:8:2:8:Infinity":2,"f:16:16:16:31":2,"s:17:2:52:Infinity":3,"s:18:25:18:Infinity":4,"s:19:27:19:Infinity":5,"s:22:24:33:Infinity":6,"s:36:28:46:Infinity":7,"s:48:4:48:Infinity":8,"s:50:4:50:Infinity":9,"s:51:4:51:Infinity":10}}}
,"/Users/yiyue/repos/openlayers-serializer/src/common/safe-functions.ts": {"path":"/Users/yiyue/repos/openlayers-serializer/src/common/safe-functions.ts","statementMap":{"0":{"start":{"line":10,"column":30},"end":{"line":41,"column":null}},"1":{"start":{"line":59,"column":2},"end":{"line":61,"column":null}},"2":{"start":{"line":60,"column":4},"end":{"line":60,"column":null}},"3":{"start":{"line":64,"column":2},"end":{"line":71,"column":null}},"4":{"start":{"line":65,"column":4},"end":{"line":70,"column":null}},"5":{"start":{"line":66,"column":6},"end":{"line":69,"column":null}},"6":{"start":{"line":74,"column":18},"end":{"line":74,"column":null}},"7":{"start":{"line":77,"column":24},"end":{"line":77,"column":null}},"8":{"start":{"line":78,"column":21},"end":{"line":78,"column":null}},"9":{"start":{"line":79,"column":27},"end":{"line":79,"column":null}},"10":{"start":{"line":81,"column":2},"end":{"line":106,"column":null}},"11":{"start":{"line":82,"column":4},"end":{"line":86,"column":null}},"12":{"start":{"line":84,"column":51},"end":{"line":84,"column":59}},"13":{"start":{"line":87,"column":2},"end":{"line":106,"column":null}},"14":{"start":{"line":88,"column":4},"end":{"line":92,"column":null}},"15":{"start":{"line":90,"column":48},"end":{"line":90,"column":56}},"16":{"start":{"line":93,"column":2},"end":{"line":106,"column":null}},"17":{"start":{"line":94,"column":4},"end":{"line":98,"column":null}},"18":{"start":{"line":96,"column":54},"end":{"line":96,"column":62}},"19":{"start":{"line":101,"column":4},"end":{"line":101,"column":null}},"20":{"start":{"line":102,"column":4},"end":{"line":105,"column":null}},"21":{"start":{"line":113,"column":2},"end":{"line":115,"column":null}},"22":{"start":{"line":114,"column":4},"end":{"line":114,"column":null}},"23":{"start":{"line":117,"column":2},"end":{"line":138,"column":null}},"24":{"start":{"line":118,"column":4},"end":{"line":121,"column":null}},"25":{"start":{"line":120,"column":6},"end":{"line":120,"column":null}},"26":{"start":{"line":123,"column":4},"end":{"line":132,"column":null}},"27":{"start":{"line":124,"column":6},"end":{"line":131,"column":null}},"28":{"start":{"line":126,"column":8},"end":{"line":126,"column":null}},"29":{"start":{"line":127,"column":6},"end":{"line":131,"column":null}},"30":{"start":{"line":129,"column":8},"end":{"line":129,"column":null}},"31":{"start":{"line":130,"column":8},"end":{"line":130,"column":null}},"32":{"start":{"line":134,"column":4},"end":{"line":134,"column":null}},"33":{"start":{"line":136,"column":4},"end":{"line":136,"column":null}},"34":{"start":{"line":137,"column":4},"end":{"line":137,"column":null}},"35":{"start":{"line":145,"column":3},"end":{"line":145,"column":null}},"36":{"start":{"line":152,"column":2},"end":{"line":152,"column":null}},"37":{"start":{"line":152,"column":56},"end":{"line":152,"column":73}}},"fnMap":{"0":{"name":"serializeFunctionSafe","decl":{"start":{"line":58,"column":16},"end":{"line":58,"column":38}},"loc":{"start":{"line":58,"column":98},"end":{"line":107,"column":null}},"line":58},"1":{"name":"(anonymous_1)","decl":{"start":{"line":84,"column":46},"end":{"line":84,"column":51}},"loc":{"start":{"line":84,"column":51},"end":{"line":84,"column":59}},"line":84},"2":{"name":"(anonymous_2)","decl":{"start":{"line":90,"column":43},"end":{"line":90,"column":48}},"loc":{"start":{"line":90,"column":48},"end":{"line":90,"column":56}},"line":90},"3":{"name":"(anonymous_3)","decl":{"start":{"line":96,"column":49},"end":{"line":96,"column":54}},"loc":{"start":{"line":96,"column":54},"end":{"line":96,"column":62}},"line":96},"4":{"name":"deserializeFunctionSafe","decl":{"start":{"line":112,"column":16},"end":{"line":112,"column":40}},"loc":{"start":{"line":112,"column":106},"end":{"line":139,"column":null}},"line":112},"5":{"name":"registerSafeFunction","decl":{"start":{"line":144,"column":16},"end":{"line":144,"column":37}},"loc":{"start":{"line":144,"column":72},"end":{"line":146,"column":null}},"line":144},"6":{"name":"isFunctionSafe","decl":{"start":{"line":151,"column":16},"end":{"line":151,"column":31}},"loc":{"start":{"line":151,"column":56},"end":{"line":153,"column":null}},"line":151},"7":{"name":"(anonymous_7)","decl":{"start":{"line":152,"column":44},"end":{"line":152,"column":56}},"loc":{"start":{"line":152,"column":56},"end":{"line":152,"column":73}},"line":152}},"branchMap":{"0":{"loc":{"start":{"line":59,"column":2},"end":{"line":61,"column":null}},"type":"if","locations":[{"start":{"line":59,"column":2},"end":{"line":61,"column":null}},{"start":{},"end":{}}],"line":59},"1":{"loc":{"start":{"line":65,"column":4},"end":{"line":70,"column":null}},"type":"if","locations":[{"start":{"line":65,"column":4},"end":{"line":70,"column":null}},{"start":{},"end":{}}],"line":65},"2":{"loc":{"start":{"line":81,"column":2},"end":{"line":106,"column":null}},"type":"if","locations":[{"start":{"line":81,"column":2},"end":{"line":106,"column":null}},{"start":{"line":87,"column":2},"end":{"line":106,"column":null}}],"line":81},"3":{"loc":{"start":{"line":87,"column":2},"end":{"line":106,"column":null}},"type":"if","locations":[{"start":{"line":87,"column":2},"end":{"line":106,"column":null}},{"start":{"line":93,"column":2},"end":{"line":106,"column":null}}],"line":87},"4":{"loc":{"start":{"line":93,"column":2},"end":{"line":106,"column":null}},"type":"if","locations":[{"start":{"line":93,"column":2},"end":{"line":106,"column":null}},{"start":{"line":99,"column":9},"end":{"line":106,"column":null}}],"line":93},"5":{"loc":{"start":{"line":113,"column":2},"end":{"line":115,"column":null}},"type":"if","locations":[{"start":{"line":113,"column":2},"end":{"line":115,"column":null}},{"start":{},"end":{}}],"line":113},"6":{"loc":{"start":{"line":118,"column":4},"end":{"line":121,"column":null}},"type":"if","locations":[{"start":{"line":118,"column":4},"end":{"line":121,"column":null}},{"start":{},"end":{}}],"line":118},"7":{"loc":{"start":{"line":118,"column":8},"end":{"line":118,"column":60}},"type":"binary-expr","locations":[{"start":{"line":118,"column":8},"end":{"line":118,"column":44}},{"start":{"line":118,"column":44},"end":{"line":118,"column":60}}],"line":118},"8":{"loc":{"start":{"line":123,"column":4},"end":{"line":132,"column":null}},"type":"if","locations":[{"start":{"line":123,"column":4},"end":{"line":132,"column":null}},{"start":{},"end":{}}],"line":123},"9":{"loc":{"start":{"line":124,"column":6},"end":{"line":131,"column":null}},"type":"if","locations":[{"start":{"line":124,"column":6},"end":{"line":131,"column":null}},{"start":{"line":127,"column":6},"end":{"line":131,"column":null}}],"line":124},"10":{"loc":{"start":{"line":124,"column":10},"end":{"line":124,"column":48}},"type":"binary-expr","locations":[{"start":{"line":124,"column":10},"end":{"line":124,"column":31}},{"start":{"line":124,"column":31},"end":{"line":124,"column":48}}],"line":124},"11":{"loc":{"start":{"line":127,"column":6},"end":{"line":131,"column":null}},"type":"if","locations":[{"start":{"line":127,"column":6},"end":{"line":131,"column":null}},{"start":{},"end":{}}],"line":127}},"s":{"0":3,"1":7,"2":2,"3":5,"4":85,"5":1,"6":4,"7":4,"8":4,"9":4,"10":4,"11":1,"12":1,"13":3,"14":0,"15":0,"16":3,"17":2,"18":3,"19":1,"20":1,"21":6,"22":1,"23":5,"24":5,"25":1,"26":4,"27":4,"28":3,"29":1,"30":1,"31":1,"32":0,"33":1,"34":1,"35":1,"36":3,"37":38},"f":{"0":7,"1":1,"2":0,"3":3,"4":6,"5":1,"6":3,"7":38},"b":{"0":[2,5],"1":[1,84],"2":[1,3],"3":[0,3],"4":[2,1],"5":[1,5],"6":[1,4],"7":[5,1],"8":[4,0],"9":[3,1],"10":[4,3],"11":[1,0]},"meta":{"lastBranch":12,"lastFunction":8,"lastStatement":38,"seen":{"s:10:30:41:Infinity":0,"f:58:16:58:38":0,"b:59:2:61:Infinity:undefined:undefined:undefined:undefined":0,"s:59:2:61:Infinity":1,"s:60:4:60:Infinity":2,"s:64:2:71:Infinity":3,"b:65:4:70:Infinity:undefined:undefined:undefined:undefined":1,"s:65:4:70:Infinity":4,"s:66:6:69:Infinity":5,"s:74:18:74:Infinity":6,"s:77:24:77:Infinity":7,"s:78:21:78:Infinity":8,"s:79:27:79:Infinity":9,"b:81:2:106:Infinity:87:2:106:Infinity":2,"s:81:2:106:Infinity":10,"s:82:4:86:Infinity":11,"f:84:46:84:51":1,"s:84:51:84:59":12,"b:87:2:106:Infinity:93:2:106:Infinity":3,"s:87:2:106:Infinity":13,"s:88:4:92:Infinity":14,"f:90:43:90:48":2,"s:90:48:90:56":15,"b:93:2:106:Infinity:99:9:106:Infinity":4,"s:93:2:106:Infinity":16,"s:94:4:98:Infinity":17,"f:96:49:96:54":3,"s:96:54:96:62":18,"s:101:4:101:Infinity":19,"s:102:4:105:Infinity":20,"f:112:16:112:40":4,"b:113:2:115:Infinity:undefined:undefined:undefined:undefined":5,"s:113:2:115:Infinity":21,"s:114:4:114:Infinity":22,"s:117:2:138:Infinity":23,"b:118:4:121:Infinity:undefined:undefined:undefined:undefined":6,"s:118:4:121:Infinity":24,"b:118:8:118:44:118:44:118:60":7,"s:120:6:120:Infinity":25,"b:123:4:132:Infinity:undefined:undefined:undefined:undefined":8,"s:123:4:132:Infinity":26,"b:124:6:131:Infinity:127:6:131:Infinity":9,"s:124:6:131:Infinity":27,"b:124:10:124:31:124:31:124:48":10,"s:126:8:126:Infinity":28,"b:127:6:131:Infinity:undefined:undefined:undefined:undefined":11,"s:127:6:131:Infinity":29,"s:129:8:129:Infinity":30,"s:130:8:130:Infinity":31,"s:134:4:134:Infinity":32,"s:136:4:136:Infinity":33,"s:137:4:137:Infinity":34,"f:144:16:144:37":5,"s:145:3:145:Infinity":35,"f:151:16:151:31":6,"s:152:2:152:Infinity":36,"f:152:44:152:56":7,"s:152:56:152:73":37}}}
,"/Users/yiyue/repos/openlayers-serializer/src/common/validation.ts": {"path":"/Users/yiyue/repos/openlayers-serializer/src/common/validation.ts","statementMap":{"0":{"start":{"line":9,"column":40},"end":{"line":15,"column":null}},"1":{"start":{"line":18,"column":26},"end":{"line":40,"column":null}},"2":{"start":{"line":43,"column":30},"end":{"line":52,"column":null}},"3":{"start":{"line":55,"column":32},"end":{"line":65,"column":null}},"4":{"start":{"line":68,"column":31},"end":{"line":87,"column":null}},"5":{"start":{"line":90,"column":31},"end":{"line":99,"column":null}},"6":{"start":{"line":102,"column":34},"end":{"line":113,"column":null}},"7":{"start":{"line":116,"column":39},"end":{"line":123,"column":null}},"8":{"start":{"line":126,"column":28},"end":{"line":132,"column":null}},"9":{"start":{"line":135,"column":31},"end":{"line":150,"column":null}},"10":{"start":{"line":153,"column":31},"end":{"line":158,"column":null}},"11":{"start":{"line":161,"column":33},"end":{"line":170,"column":null}},"12":{"start":{"line":173,"column":27},"end":{"line":177,"column":null}},"13":{"start":{"line":180,"column":25},"end":{"line":191,"column":null}},"14":{"start":{"line":195,"column":2},"end":{"line":203,"column":null}},"15":{"start":{"line":196,"column":4},"end":{"line":196,"column":null}},"16":{"start":{"line":198,"column":4},"end":{"line":201,"column":null}},"17":{"start":{"line":199,"column":6},"end":{"line":199,"column":null}},"18":{"start":{"line":200,"column":6},"end":{"line":200,"column":null}},"19":{"start":{"line":200,"column":72},"end":{"line":200,"column":107}},"20":{"start":{"line":202,"column":4},"end":{"line":202,"column":null}},"21":{"start":{"line":207,"column":2},"end":{"line":215,"column":null}},"22":{"start":{"line":208,"column":4},"end":{"line":208,"column":null}},"23":{"start":{"line":210,"column":4},"end":{"line":213,"column":null}},"24":{"start":{"line":211,"column":6},"end":{"line":211,"column":null}},"25":{"start":{"line":212,"column":6},"end":{"line":212,"column":null}},"26":{"start":{"line":212,"column":73},"end":{"line":212,"column":108}},"27":{"start":{"line":214,"column":4},"end":{"line":214,"column":null}},"28":{"start":{"line":219,"column":2},"end":{"line":227,"column":null}},"29":{"start":{"line":220,"column":4},"end":{"line":220,"column":null}},"30":{"start":{"line":222,"column":4},"end":{"line":225,"column":null}},"31":{"start":{"line":223,"column":6},"end":{"line":223,"column":null}},"32":{"start":{"line":224,"column":6},"end":{"line":224,"column":null}},"33":{"start":{"line":224,"column":74},"end":{"line":224,"column":109}},"34":{"start":{"line":226,"column":4},"end":{"line":226,"column":null}},"35":{"start":{"line":231,"column":2},"end":{"line":239,"column":null}},"36":{"start":{"line":232,"column":4},"end":{"line":232,"column":null}},"37":{"start":{"line":234,"column":4},"end":{"line":237,"column":null}},"38":{"start":{"line":235,"column":6},"end":{"line":235,"column":null}},"39":{"start":{"line":236,"column":6},"end":{"line":236,"column":null}},"40":{"start":{"line":236,"column":75},"end":{"line":236,"column":110}},"41":{"start":{"line":238,"column":4},"end":{"line":238,"column":null}},"42":{"start":{"line":244,"column":2},"end":{"line":253,"column":null}},"43":{"start":{"line":245,"column":22},"end":{"line":245,"column":null}},"44":{"start":{"line":246,"column":4},"end":{"line":246,"column":null}},"45":{"start":{"line":248,"column":4},"end":{"line":251,"column":null}},"46":{"start":{"line":249,"column":27},"end":{"line":249,"column":null}},"47":{"start":{"line":249,"column":56},"end":{"line":249,"column":91}},"48":{"start":{"line":250,"column":6},"end":{"line":250,"column":null}},"49":{"start":{"line":252,"column":4},"end":{"line":252,"column":null}}},"fnMap":{"0":{"name":"validateMapData","decl":{"start":{"line":194,"column":16},"end":{"line":194,"column":32}},"loc":{"start":{"line":194,"column":74},"end":{"line":204,"column":null}},"line":194},"1":{"name":"(anonymous_1)","decl":{"start":{"line":200,"column":60},"end":{"line":200,"column":61}},"loc":{"start":{"line":200,"column":72},"end":{"line":200,"column":107}},"line":200},"2":{"name":"validateViewData","decl":{"start":{"line":206,"column":16},"end":{"line":206,"column":33}},"loc":{"start":{"line":206,"column":76},"end":{"line":216,"column":null}},"line":206},"3":{"name":"(anonymous_3)","decl":{"start":{"line":212,"column":61},"end":{"line":212,"column":62}},"loc":{"start":{"line":212,"column":73},"end":{"line":212,"column":108}},"line":212},"4":{"name":"validateLayerData","decl":{"start":{"line":218,"column":16},"end":{"line":218,"column":34}},"loc":{"start":{"line":218,"column":78},"end":{"line":228,"column":null}},"line":218},"5":{"name":"(anonymous_5)","decl":{"start":{"line":224,"column":62},"end":{"line":224,"column":63}},"loc":{"start":{"line":224,"column":74},"end":{"line":224,"column":109}},"line":224},"6":{"name":"validateSourceData","decl":{"start":{"line":230,"column":16},"end":{"line":230,"column":35}},"loc":{"start":{"line":230,"column":80},"end":{"line":240,"column":null}},"line":230},"7":{"name":"(anonymous_7)","decl":{"start":{"line":236,"column":63},"end":{"line":236,"column":64}},"loc":{"start":{"line":236,"column":75},"end":{"line":236,"column":110}},"line":236},"8":{"name":"safeValidateMapData","decl":{"start":{"line":243,"column":16},"end":{"line":243,"column":36}},"loc":{"start":{"line":243,"column":139},"end":{"line":254,"column":null}},"line":243},"9":{"name":"(anonymous_9)","decl":{"start":{"line":249,"column":44},"end":{"line":249,"column":45}},"loc":{"start":{"line":249,"column":56},"end":{"line":249,"column":91}},"line":249}},"branchMap":{"0":{"loc":{"start":{"line":198,"column":4},"end":{"line":201,"column":null}},"type":"if","locations":[{"start":{"line":198,"column":4},"end":{"line":201,"column":null}},{"start":{},"end":{}}],"line":198},"1":{"loc":{"start":{"line":210,"column":4},"end":{"line":213,"column":null}},"type":"if","locations":[{"start":{"line":210,"column":4},"end":{"line":213,"column":null}},{"start":{},"end":{}}],"line":210},"2":{"loc":{"start":{"line":222,"column":4},"end":{"line":225,"column":null}},"type":"if","locations":[{"start":{"line":222,"column":4},"end":{"line":225,"column":null}},{"start":{},"end":{}}],"line":222},"3":{"loc":{"start":{"line":234,"column":4},"end":{"line":237,"column":null}},"type":"if","locations":[{"start":{"line":234,"column":4},"end":{"line":237,"column":null}},{"start":{},"end":{}}],"line":234},"4":{"loc":{"start":{"line":248,"column":4},"end":{"line":251,"column":null}},"type":"if","locations":[{"start":{"line":248,"column":4},"end":{"line":251,"column":null}},{"start":{},"end":{}}],"line":248}},"s":{"0":1,"1":1,"2":1,"3":1,"4":1,"5":1,"6":1,"7":1,"8":1,"9":1,"10":1,"11":1,"12":1,"13":1,"14":0,"15":0,"16":0,"17":0,"18":0,"19":0,"20":0,"21":0,"22":0,"23":0,"24":0,"25":0,"26":0,"27":0,"28":0,"29":0,"30":0,"31":0,"32":0,"33":0,"34":0,"35":0,"36":0,"37":0,"38":0,"39":0,"40":0,"41":0,"42":0,"43":0,"44":0,"45":0,"46":0,"47":0,"48":0,"49":0},"f":{"0":0,"1":0,"2":0,"3":0,"4":0,"5":0,"6":0,"7":0,"8":0,"9":0},"b":{"0":[0,0],"1":[0,0],"2":[0,0],"3":[0,0],"4":[0,0]},"meta":{"lastBranch":5,"lastFunction":10,"lastStatement":50,"seen":{"s:9:40:15:Infinity":0,"s:18:26:40:Infinity":1,"s:43:30:52:Infinity":2,"s:55:32:65:Infinity":3,"s:68:31:87:Infinity":4,"s:90:31:99:Infinity":5,"s:102:34:113:Infinity":6,"s:116:39:123:Infinity":7,"s:126:28:132:Infinity":8,"s:135:31:150:Infinity":9,"s:153:31:158:Infinity":10,"s:161:33:170:Infinity":11,"s:173:27:177:Infinity":12,"s:180:25:191:Infinity":13,"f:194:16:194:32":0,"s:195:2:203:Infinity":14,"s:196:4:196:Infinity":15,"b:198:4:201:Infinity:undefined:undefined:undefined:undefined":0,"s:198:4:201:Infinity":16,"s:199:6:199:Infinity":17,"s:200:6:200:Infinity":18,"f:200:60:200:61":1,"s:200:72:200:107":19,"s:202:4:202:Infinity":20,"f:206:16:206:33":2,"s:207:2:215:Infinity":21,"s:208:4:208:Infinity":22,"b:210:4:213:Infinity:undefined:undefined:undefined:undefined":1,"s:210:4:213:Infinity":23,"s:211:6:211:Infinity":24,"s:212:6:212:Infinity":25,"f:212:61:212:62":3,"s:212:73:212:108":26,"s:214:4:214:Infinity":27,"f:218:16:218:34":4,"s:219:2:227:Infinity":28,"s:220:4:220:Infinity":29,"b:222:4:225:Infinity:undefined:undefined:undefined:undefined":2,"s:222:4:225:Infinity":30,"s:223:6:223:Infinity":31,"s:224:6:224:Infinity":32,"f:224:62:224:63":5,"s:224:74:224:109":33,"s:226:4:226:Infinity":34,"f:230:16:230:35":6,"s:231:2:239:Infinity":35,"s:232:4:232:Infinity":36,"b:234:4:237:Infinity:undefined:undefined:undefined:undefined":3,"s:234:4:237:Infinity":37,"s:235:6:235:Infinity":38,"s:236:6:236:Infinity":39,"f:236:63:236:64":7,"s:236:75:236:110":40,"s:238:4:238:Infinity":41,"f:243:16:243:36":8,"s:244:2:253:Infinity":42,"s:245:22:245:Infinity":43,"s:246:4:246:Infinity":44,"b:248:4:251:Infinity:undefined:undefined:undefined:undefined":4,"s:248:4:251:Infinity":45,"s:249:27:249:Infinity":46,"f:249:44:249:45":9,"s:249:56:249:91":47,"s:250:6:250:Infinity":48,"s:252:4:252:Infinity":49}}}
,"/Users/yiyue/repos/openlayers-serializer/src/serializer/layer.ts": {"path":"/Users/yiyue/repos/openlayers-serializer/src/serializer/layer.ts","statementMap":{"0":{"start":{"line":21,"column":0},"end":{"line":21,"column":null}},"1":{"start":{"line":22,"column":0},"end":{"line":22,"column":null}},"2":{"start":{"line":23,"column":0},"end":{"line":23,"column":null}},"3":{"start":{"line":24,"column":0},"end":{"line":24,"column":null}},"4":{"start":{"line":25,"column":0},"end":{"line":25,"column":null}},"5":{"start":{"line":27,"column":40},"end":{"line":27,"column":null}},"6":{"start":{"line":28,"column":0},"end":{"line":28,"column":null}},"7":{"start":{"line":32,"column":33},"end":{"line":47,"column":null}},"8":{"start":{"line":49,"column":17},"end":{"line":49,"column":null}},"9":{"start":{"line":50,"column":4},"end":{"line":50,"column":null}},"10":{"start":{"line":50,"column":14},"end":{"line":50,"column":null}},"11":{"start":{"line":52,"column":4},"end":{"line":135,"column":null}},"12":{"start":{"line":53,"column":8},"end":{"line":53,"column":null}},"13":{"start":{"line":54,"column":9},"end":{"line":54,"column":null}},"14":{"start":{"line":56,"column":8},"end":{"line":124,"column":null}},"15":{"start":{"line":57,"column":12},"end":{"line":57,"column":null}},"16":{"start":{"line":58,"column":12},"end":{"line":58,"column":null}},"17":{"start":{"line":59,"column":13},"end":{"line":59,"column":null}},"18":{"start":{"line":60,"column":13},"end":{"line":60,"column":null}},"19":{"start":{"line":61,"column":16},"end":{"line":61,"column":null}},"20":{"start":{"line":62,"column":13},"end":{"line":62,"column":null}},"21":{"start":{"line":63,"column":8},"end":{"line":124,"column":null}},"22":{"start":{"line":64,"column":12},"end":{"line":64,"column":null}},"23":{"start":{"line":65,"column":13},"end":{"line":65,"column":null}},"24":{"start":{"line":66,"column":13},"end":{"line":66,"column":null}},"25":{"start":{"line":67,"column":13},"end":{"line":67,"column":null}},"26":{"start":{"line":68,"column":13},"end":{"line":68,"column":null}},"27":{"start":{"line":69,"column":13},"end":{"line":69,"column":null}},"28":{"start":{"line":70,"column":16},"end":{"line":70,"column":null}},"29":{"start":{"line":71,"column":13},"end":{"line":71,"column":null}},"30":{"start":{"line":72,"column":16},"end":{"line":72,"column":null}},"31":{"start":{"line":73,"column":13},"end":{"line":73,"column":null}},"32":{"start":{"line":75,"column":8},"end":{"line":124,"column":null}},"33":{"start":{"line":77,"column":12},"end":{"line":77,"column":null}},"34":{"start":{"line":78,"column":16},"end":{"line":78,"column":null}},"35":{"start":{"line":79,"column":13},"end":{"line":79,"column":null}},"36":{"start":{"line":80,"column":8},"end":{"line":124,"column":null}},"37":{"start":{"line":82,"column":12},"end":{"line":82,"column":null}},"38":{"start":{"line":83,"column":13},"end":{"line":83,"column":null}},"39":{"start":{"line":84,"column":13},"end":{"line":85,"column":null}},"40":{"start":{"line":87,"column":13},"end":{"line":87,"column":null}},"41":{"start":{"line":88,"column":13},"end":{"line":88,"column":null}},"42":{"start":{"line":89,"column":13},"end":{"line":89,"column":null}},"43":{"start":{"line":91,"column":8},"end":{"line":124,"column":null}},"44":{"start":{"line":92,"column":12},"end":{"line":92,"column":null}},"45":{"start":{"line":93,"column":16},"end":{"line":93,"column":null}},"46":{"start":{"line":95,"column":13},"end":{"line":95,"column":null}},"47":{"start":{"line":96,"column":13},"end":{"line":96,"column":null}},"48":{"start":{"line":97,"column":13},"end":{"line":97,"column":null}},"49":{"start":{"line":99,"column":13},"end":{"line":99,"column":null}},"50":{"start":{"line":100,"column":13},"end":{"line":100,"column":null}},"51":{"start":{"line":102,"column":16},"end":{"line":102,"column":null}},"52":{"start":{"line":103,"column":13},"end":{"line":103,"column":null}},"53":{"start":{"line":104,"column":13},"end":{"line":104,"column":null}},"54":{"start":{"line":105,"column":13},"end":{"line":105,"column":null}},"55":{"start":{"line":106,"column":13},"end":{"line":106,"column":null}},"56":{"start":{"line":107,"column":13},"end":{"line":107,"column":null}},"57":{"start":{"line":108,"column":8},"end":{"line":124,"column":null}},"58":{"start":{"line":109,"column":12},"end":{"line":109,"column":null}},"59":{"start":{"line":110,"column":16},"end":{"line":110,"column":null}},"60":{"start":{"line":111,"column":13},"end":{"line":111,"column":null}},"61":{"start":{"line":112,"column":13},"end":{"line":112,"column":null}},"62":{"start":{"line":113,"column":13},"end":{"line":113,"column":null}},"63":{"start":{"line":114,"column":13},"end":{"line":114,"column":null}},"64":{"start":{"line":115,"column":13},"end":{"line":115,"column":null}},"65":{"start":{"line":117,"column":13},"end":{"line":117,"column":null}},"66":{"start":{"line":118,"column":13},"end":{"line":118,"column":null}},"67":{"start":{"line":122,"column":12},"end":{"line":122,"column":null}},"68":{"start":{"line":137,"column":4},"end":{"line":137,"column":null}},"69":{"start":{"line":141,"column":4},"end":{"line":309,"column":null}},"70":{"start":{"line":142,"column":8},"end":{"line":144,"column":null}},"71":{"start":{"line":145,"column":4},"end":{"line":309,"column":null}},"72":{"start":{"line":146,"column":22},"end":{"line":146,"column":null}},"73":{"start":{"line":148,"column":8},"end":{"line":163,"column":null}},"74":{"start":{"line":164,"column":4},"end":{"line":309,"column":null}},"75":{"start":{"line":165,"column":48},"end":{"line":165,"column":null}},"76":{"start":{"line":166,"column":12},"end":{"line":166,"column":null}},"77":{"start":{"line":167,"column":8},"end":{"line":207,"column":null}},"78":{"start":{"line":208,"column":4},"end":{"line":309,"column":null}},"79":{"start":{"line":209,"column":22},"end":{"line":209,"column":null}},"80":{"start":{"line":211,"column":8},"end":{"line":224,"column":null}},"81":{"start":{"line":225,"column":4},"end":{"line":309,"column":null}},"82":{"start":{"line":227,"column":22},"end":{"line":227,"column":null}},"83":{"start":{"line":229,"column":8},"end":{"line":229,"column":null}},"84":{"start":{"line":230,"column":12},"end":{"line":230,"column":null}},"85":{"start":{"line":231,"column":8},"end":{"line":256,"column":null}},"86":{"start":{"line":257,"column":4},"end":{"line":309,"column":null}},"87":{"start":{"line":258,"column":32},"end":{"line":258,"column":null}},"88":{"start":{"line":259,"column":22},"end":{"line":259,"column":null}},"89":{"start":{"line":260,"column":23},"end":{"line":260,"column":null}},"90":{"start":{"line":260,"column":106},"end":{"line":260,"column":140}},"91":{"start":{"line":261,"column":8},"end":{"line":278,"column":null}},"92":{"start":{"line":279,"column":4},"end":{"line":309,"column":null}},"93":{"start":{"line":281,"column":25},"end":{"line":281,"column":null}},"94":{"start":{"line":282,"column":21},"end":{"line":282,"column":null}},"95":{"start":{"line":284,"column":21},"end":{"line":284,"column":null}},"96":{"start":{"line":285,"column":8},"end":{"line":287,"column":null}},"97":{"start":{"line":286,"column":12},"end":{"line":286,"column":null}},"98":{"start":{"line":288,"column":8},"end":{"line":305,"column":null}},"99":{"start":{"line":308,"column":8},"end":{"line":308,"column":null}},"100":{"start":{"line":310,"column":4},"end":{"line":310,"column":null}},"101":{"start":{"line":311,"column":4},"end":{"line":311,"column":null}},"102":{"start":{"line":312,"column":4},"end":{"line":312,"column":null}},"103":{"start":{"line":316,"column":4},"end":{"line":316,"column":null}},"104":{"start":{"line":326,"column":18},"end":{"line":326,"column":null}},"105":{"start":{"line":327,"column":44},"end":{"line":327,"column":null}},"106":{"start":{"line":330,"column":28},"end":{"line":330,"column":null}},"107":{"start":{"line":331,"column":21},"end":{"line":331,"column":null}},"108":{"start":{"line":333,"column":4},"end":{"line":340,"column":null}},"109":{"start":{"line":334,"column":22},"end":{"line":334,"column":null}},"110":{"start":{"line":336,"column":8},"end":{"line":338,"column":null}},"111":{"start":{"line":337,"column":12},"end":{"line":337,"column":null}},"112":{"start":{"line":339,"column":8},"end":{"line":339,"column":null}},"113":{"start":{"line":342,"column":4},"end":{"line":342,"column":null}},"114":{"start":{"line":350,"column":4},"end":{"line":350,"column":null}},"115":{"start":{"line":350,"column":33},"end":{"line":350,"column":null}},"116":{"start":{"line":353,"column":24},"end":{"line":353,"column":null}},"117":{"start":{"line":356,"column":25},"end":{"line":356,"column":null}},"118":{"start":{"line":358,"column":4},"end":{"line":358,"column":null}}},"fnMap":{"0":{"name":"serializeLayer","decl":{"start":{"line":31,"column":16},"end":{"line":31,"column":31}},"loc":{"start":{"line":31,"column":61},"end":{"line":138,"column":null}},"line":31},"1":{"name":"deserializeLayer","decl":{"start":{"line":139,"column":16},"end":{"line":139,"column":33}},"loc":{"start":{"line":139,"column":66},"end":{"line":313,"column":null}},"line":139},"2":{"name":"(anonymous_2)","decl":{"start":{"line":260,"column":105},"end":{"line":260,"column":106}},"loc":{"start":{"line":260,"column":106},"end":{"line":260,"column":140}},"line":260},"3":{"name":"serializeMapLayers","decl":{"start":{"line":315,"column":16},"end":{"line":315,"column":35}},"loc":{"start":{"line":315,"column":59},"end":{"line":317,"column":null}},"line":315},"4":{"name":"getSerializableLayerProps","decl":{"start":{"line":325,"column":16},"end":{"line":325,"column":42}},"loc":{"start":{"line":325,"column":78},"end":{"line":343,"column":null}},"line":325},"5":{"name":"(anonymous_5)","decl":{"start":{"line":333,"column":31},"end":{"line":333,"column":38}},"loc":{"start":{"line":333,"column":38},"end":{"line":340,"column":5}},"line":333},"6":{"name":"isFunctionString","decl":{"start":{"line":349,"column":16},"end":{"line":349,"column":33}},"loc":{"start":{"line":349,"column":55},"end":{"line":359,"column":null}},"line":349}},"branchMap":{"0":{"loc":{"start":{"line":34,"column":12},"end":{"line":34,"column":null}},"type":"binary-expr","locations":[{"start":{"line":34,"column":12},"end":{"line":34,"column":31}},{"start":{"line":34,"column":31},"end":{"line":34,"column":null}}],"line":34},"1":{"loc":{"start":{"line":35,"column":14},"end":{"line":35,"column":null}},"type":"binary-expr","locations":[{"start":{"line":35,"column":14},"end":{"line":35,"column":35}},{"start":{"line":35,"column":35},"end":{"line":35,"column":null}}],"line":35},"2":{"loc":{"start":{"line":36,"column":19},"end":{"line":36,"column":null}},"type":"binary-expr","locations":[{"start":{"line":36,"column":19},"end":{"line":36,"column":43}},{"start":{"line":36,"column":43},"end":{"line":36,"column":null}}],"line":36},"3":{"loc":{"start":{"line":37,"column":17},"end":{"line":37,"column":null}},"type":"binary-expr","locations":[{"start":{"line":37,"column":17},"end":{"line":37,"column":39}},{"start":{"line":37,"column":39},"end":{"line":37,"column":null}}],"line":37},"4":{"loc":{"start":{"line":38,"column":17},"end":{"line":38,"column":null}},"type":"binary-expr","locations":[{"start":{"line":38,"column":17},"end":{"line":38,"column":39}},{"start":{"line":38,"column":39},"end":{"line":38,"column":null}}],"line":38},"5":{"loc":{"start":{"line":39,"column":17},"end":{"line":39,"column":null}},"type":"binary-expr","locations":[{"start":{"line":39,"column":17},"end":{"line":39,"column":75}},{"start":{"line":39,"column":75},"end":{"line":39,"column":null}}],"line":39},"6":{"loc":{"start":{"line":40,"column":23},"end":{"line":40,"column":null}},"type":"binary-expr","locations":[{"start":{"line":40,"column":23},"end":{"line":40,"column":51}},{"start":{"line":40,"column":51},"end":{"line":40,"column":null}}],"line":40},"7":{"loc":{"start":{"line":41,"column":23},"end":{"line":41,"column":null}},"type":"binary-expr","locations":[{"start":{"line":41,"column":23},"end":{"line":41,"column":51}},{"start":{"line":41,"column":51},"end":{"line":41,"column":null}}],"line":41},"8":{"loc":{"start":{"line":42,"column":17},"end":{"line":42,"column":null}},"type":"binary-expr","locations":[{"start":{"line":42,"column":17},"end":{"line":42,"column":39}},{"start":{"line":42,"column":39},"end":{"line":42,"column":null}}],"line":42},"9":{"loc":{"start":{"line":43,"column":17},"end":{"line":43,"column":null}},"type":"binary-expr","locations":[{"start":{"line":43,"column":17},"end":{"line":43,"column":39}},{"start":{"line":43,"column":39},"end":{"line":43,"column":null}}],"line":43},"10":{"loc":{"start":{"line":44,"column":16},"end":{"line":44,"column":null}},"type":"binary-expr","locations":[{"start":{"line":44,"column":16},"end":{"line":44,"column":37}},{"start":{"line":44,"column":37},"end":{"line":44,"column":null}}],"line":44},"11":{"loc":{"start":{"line":45,"column":21},"end":{"line":45,"column":null}},"type":"binary-expr","locations":[{"start":{"line":45,"column":21},"end":{"line":45,"column":57}},{"start":{"line":45,"column":57},"end":{"line":45,"column":null}}],"line":45},"12":{"loc":{"start":{"line":46,"column":20},"end":{"line":46,"column":null}},"type":"binary-expr","locations":[{"start":{"line":46,"column":20},"end":{"line":46,"column":56}},{"start":{"line":46,"column":56},"end":{"line":46,"column":null}}],"line":46},"13":{"loc":{"start":{"line":50,"column":4},"end":{"line":50,"column":null}},"type":"if","locations":[{"start":{"line":50,"column":4},"end":{"line":50,"column":null}},{"start":{},"end":{}}],"line":50},"14":{"loc":{"start":{"line":52,"column":4},"end":{"line":135,"column":null}},"type":"if","locations":[{"start":{"line":52,"column":4},"end":{"line":135,"column":null}},{"start":{"line":55,"column":11},"end":{"line":135,"column":null}}],"line":52},"15":{"loc":{"start":{"line":56,"column":8},"end":{"line":124,"column":null}},"type":"if","locations":[{"start":{"line":56,"column":8},"end":{"line":124,"column":null}},{"start":{"line":63,"column":8},"end":{"line":124,"column":null}}],"line":56},"16":{"loc":{"start":{"line":59,"column":62},"end":{"line":59,"column":null}},"type":"binary-expr","locations":[{"start":{"line":59,"column":62},"end":{"line":59,"column":99}},{"start":{"line":59,"column":99},"end":{"line":59,"column":null}}],"line":59},"17":{"loc":{"start":{"line":60,"column":47},"end":{"line":60,"column":null}},"type":"binary-expr","locations":[{"start":{"line":60,"column":47},"end":{"line":60,"column":69}},{"start":{"line":60,"column":69},"end":{"line":60,"column":null}}],"line":60},"18":{"loc":{"start":{"line":63,"column":8},"end":{"line":124,"column":null}},"type":"if","locations":[{"start":{"line":63,"column":8},"end":{"line":124,"column":null}},{"start":{"line":75,"column":8},"end":{"line":124,"column":null}}],"line":63},"19":{"loc":{"start":{"line":65,"column":54},"end":{"line":65,"column":null}},"type":"binary-expr","locations":[{"start":{"line":65,"column":54},"end":{"line":65,"column":81}},{"start":{"line":65,"column":81},"end":{"line":65,"column":null}}],"line":65},"20":{"loc":{"start":{"line":67,"column":51},"end":{"line":67,"column":null}},"type":"binary-expr","locations":[{"start":{"line":67,"column":51},"end":{"line":67,"column":75}},{"start":{"line":67,"column":75},"end":{"line":67,"column":null}}],"line":67},"21":{"loc":{"start":{"line":68,"column":62},"end":{"line":68,"column":null}},"type":"binary-expr","locations":[{"start":{"line":68,"column":62},"end":{"line":68,"column":97}},{"start":{"line":68,"column":97},"end":{"line":68,"column":null}}],"line":68},"22":{"loc":{"start":{"line":69,"column":64},"end":{"line":69,"column":null}},"type":"binary-expr","locations":[{"start":{"line":69,"column":64},"end":{"line":69,"column":101}},{"start":{"line":69,"column":101},"end":{"line":69,"column":null}}],"line":69},"23":{"loc":{"start":{"line":75,"column":8},"end":{"line":124,"column":null}},"type":"if","locations":[{"start":{"line":75,"column":8},"end":{"line":124,"column":null}},{"start":{"line":80,"column":8},"end":{"line":124,"column":null}}],"line":75},"24":{"loc":{"start":{"line":80,"column":8},"end":{"line":124,"column":null}},"type":"if","locations":[{"start":{"line":80,"column":8},"end":{"line":124,"column":null}},{"start":{"line":91,"column":8},"end":{"line":124,"column":null}}],"line":80},"25":{"loc":{"start":{"line":84,"column":52},"end":{"line":84,"column":null}},"type":"binary-expr","locations":[{"start":{"line":84,"column":52},"end":{"line":84,"column":74}},{"start":{"line":84,"column":74},"end":{"line":84,"column":null}}],"line":84},"26":{"loc":{"start":{"line":88,"column":67},"end":{"line":88,"column":null}},"type":"binary-expr","locations":[{"start":{"line":88,"column":67},"end":{"line":88,"column":104}},{"start":{"line":88,"column":104},"end":{"line":88,"column":null}}],"line":88},"27":{"loc":{"start":{"line":91,"column":8},"end":{"line":124,"column":null}},"type":"if","locations":[{"start":{"line":91,"column":8},"end":{"line":124,"column":null}},{"start":{"line":108,"column":8},"end":{"line":124,"column":null}}],"line":91},"28":{"loc":{"start":{"line":96,"column":58},"end":{"line":96,"column":null}},"type":"binary-expr","locations":[{"start":{"line":96,"column":58},"end":{"line":96,"column":85}},{"start":{"line":96,"column":85},"end":{"line":96,"column":null}}],"line":96},"29":{"loc":{"start":{"line":97,"column":57},"end":{"line":97,"column":null}},"type":"binary-expr","locations":[{"start":{"line":97,"column":57},"end":{"line":97,"column":90}},{"start":{"line":97,"column":90},"end":{"line":97,"column":null}}],"line":97},"30":{"loc":{"start":{"line":100,"column":55},"end":{"line":100,"column":null}},"type":"binary-expr","locations":[{"start":{"line":100,"column":55},"end":{"line":100,"column":79}},{"start":{"line":100,"column":79},"end":{"line":100,"column":null}}],"line":100},"31":{"loc":{"start":{"line":104,"column":66},"end":{"line":104,"column":null}},"type":"binary-expr","locations":[{"start":{"line":104,"column":66},"end":{"line":104,"column":101}},{"start":{"line":104,"column":101},"end":{"line":104,"column":null}}],"line":104},"32":{"loc":{"start":{"line":105,"column":68},"end":{"line":105,"column":null}},"type":"binary-expr","locations":[{"start":{"line":105,"column":68},"end":{"line":105,"column":105}},{"start":{"line":105,"column":105},"end":{"line":105,"column":null}}],"line":105},"33":{"loc":{"start":{"line":106,"column":53},"end":{"line":106,"column":null}},"type":"binary-expr","locations":[{"start":{"line":106,"column":53},"end":{"line":106,"column":75}},{"start":{"line":106,"column":75},"end":{"line":106,"column":null}}],"line":106},"34":{"loc":{"start":{"line":107,"column":68},"end":{"line":107,"column":null}},"type":"binary-expr","locations":[{"start":{"line":107,"column":68},"end":{"line":107,"column":105}},{"start":{"line":107,"column":105},"end":{"line":107,"column":null}}],"line":107},"35":{"loc":{"start":{"line":108,"column":8},"end":{"line":124,"column":null}},"type":"if","locations":[{"start":{"line":108,"column":8},"end":{"line":124,"column":null}},{"start":{"line":121,"column":13},"end":{"line":124,"column":null}}],"line":108},"36":{"loc":{"start":{"line":111,"column":46},"end":{"line":111,"column":null}},"type":"binary-expr","locations":[{"start":{"line":111,"column":46},"end":{"line":111,"column":69}},{"start":{"line":111,"column":69},"end":{"line":111,"column":null}}],"line":111},"37":{"loc":{"start":{"line":112,"column":46},"end":{"line":112,"column":null}},"type":"binary-expr","locations":[{"start":{"line":112,"column":46},"end":{"line":112,"column":69}},{"start":{"line":112,"column":69},"end":{"line":112,"column":null}}],"line":112},"38":{"loc":{"start":{"line":113,"column":44},"end":{"line":113,"column":null}},"type":"binary-expr","locations":[{"start":{"line":113,"column":44},"end":{"line":113,"column":65}},{"start":{"line":113,"column":65},"end":{"line":113,"column":null}}],"line":113},"39":{"loc":{"start":{"line":114,"column":42},"end":{"line":114,"column":null}},"type":"binary-expr","locations":[{"start":{"line":114,"column":42},"end":{"line":114,"column":61}},{"start":{"line":114,"column":61},"end":{"line":114,"column":null}}],"line":114},"40":{"loc":{"start":{"line":115,"column":44},"end":{"line":115,"column":null}},"type":"binary-expr","locations":[{"start":{"line":115,"column":44},"end":{"line":115,"column":65}},{"start":{"line":115,"column":65},"end":{"line":115,"column":null}}],"line":115},"41":{"loc":{"start":{"line":117,"column":44},"end":{"line":117,"column":null}},"type":"binary-expr","locations":[{"start":{"line":117,"column":44},"end":{"line":117,"column":78}},{"start":{"line":117,"column":78},"end":{"line":117,"column":null}}],"line":117},"42":{"loc":{"start":{"line":141,"column":4},"end":{"line":309,"column":null}},"type":"if","locations":[{"start":{"line":141,"column":4},"end":{"line":309,"column":null}},{"start":{"line":145,"column":4},"end":{"line":309,"column":null}}],"line":141},"43":{"loc":{"start":{"line":145,"column":4},"end":{"line":309,"column":null}},"type":"if","locations":[{"start":{"line":145,"column":4},"end":{"line":309,"column":null}},{"start":{"line":164,"column":4},"end":{"line":309,"column":null}}],"line":145},"44":{"loc":{"start":{"line":146,"column":22},"end":{"line":146,"column":null}},"type":"cond-expr","locations":[{"start":{"line":146,"column":46},"end":{"line":146,"column":108}},{"start":{"line":146,"column":108},"end":{"line":146,"column":null}}],"line":146},"45":{"loc":{"start":{"line":149,"column":23},"end":{"line":149,"column":null}},"type":"binary-expr","locations":[{"start":{"line":149,"column":23},"end":{"line":149,"column":45}},{"start":{"line":149,"column":45},"end":{"line":149,"column":null}}],"line":149},"46":{"loc":{"start":{"line":150,"column":21},"end":{"line":150,"column":null}},"type":"binary-expr","locations":[{"start":{"line":150,"column":21},"end":{"line":150,"column":41}},{"start":{"line":150,"column":41},"end":{"line":150,"column":null}}],"line":150},"47":{"loc":{"start":{"line":151,"column":21},"end":{"line":151,"column":null}},"type":"binary-expr","locations":[{"start":{"line":151,"column":21},"end":{"line":151,"column":41}},{"start":{"line":151,"column":41},"end":{"line":151,"column":null}}],"line":151},"48":{"loc":{"start":{"line":152,"column":20},"end":{"line":152,"column":null}},"type":"binary-expr","locations":[{"start":{"line":152,"column":20},"end":{"line":152,"column":39}},{"start":{"line":152,"column":39},"end":{"line":152,"column":null}}],"line":152},"49":{"loc":{"start":{"line":153,"column":20},"end":{"line":153,"column":null}},"type":"binary-expr","locations":[{"start":{"line":153,"column":20},"end":{"line":153,"column":39}},{"start":{"line":153,"column":39},"end":{"line":153,"column":null}}],"line":153},"50":{"loc":{"start":{"line":154,"column":27},"end":{"line":154,"column":null}},"type":"binary-expr","locations":[{"start":{"line":154,"column":27},"end":{"line":154,"column":53}},{"start":{"line":154,"column":53},"end":{"line":154,"column":null}}],"line":154},"51":{"loc":{"start":{"line":155,"column":27},"end":{"line":155,"column":null}},"type":"binary-expr","locations":[{"start":{"line":155,"column":27},"end":{"line":155,"column":53}},{"start":{"line":155,"column":53},"end":{"line":155,"column":null}}],"line":155},"52":{"loc":{"start":{"line":156,"column":21},"end":{"line":156,"column":null}},"type":"binary-expr","locations":[{"start":{"line":156,"column":21},"end":{"line":156,"column":41}},{"start":{"line":156,"column":41},"end":{"line":156,"column":null}}],"line":156},"53":{"loc":{"start":{"line":157,"column":21},"end":{"line":157,"column":null}},"type":"binary-expr","locations":[{"start":{"line":157,"column":21},"end":{"line":157,"column":41}},{"start":{"line":157,"column":41},"end":{"line":157,"column":null}}],"line":157},"54":{"loc":{"start":{"line":158,"column":22},"end":{"line":158,"column":null}},"type":"binary-expr","locations":[{"start":{"line":158,"column":22},"end":{"line":158,"column":57}},{"start":{"line":158,"column":57},"end":{"line":158,"column":null}}],"line":158},"55":{"loc":{"start":{"line":160,"column":37},"end":{"line":160,"column":null}},"type":"binary-expr","locations":[{"start":{"line":160,"column":37},"end":{"line":160,"column":87}},{"start":{"line":160,"column":87},"end":{"line":160,"column":null}}],"line":160},"56":{"loc":{"start":{"line":161,"column":24},"end":{"line":161,"column":null}},"type":"binary-expr","locations":[{"start":{"line":161,"column":24},"end":{"line":161,"column":47}},{"start":{"line":161,"column":47},"end":{"line":161,"column":null}}],"line":161},"57":{"loc":{"start":{"line":164,"column":4},"end":{"line":309,"column":null}},"type":"if","locations":[{"start":{"line":164,"column":4},"end":{"line":309,"column":null}},{"start":{"line":208,"column":4},"end":{"line":309,"column":null}}],"line":164},"58":{"loc":{"start":{"line":168,"column":23},"end":{"line":168,"column":null}},"type":"binary-expr","locations":[{"start":{"line":168,"column":23},"end":{"line":168,"column":45}},{"start":{"line":168,"column":45},"end":{"line":168,"column":null}}],"line":168},"59":{"loc":{"start":{"line":169,"column":21},"end":{"line":169,"column":null}},"type":"binary-expr","locations":[{"start":{"line":169,"column":21},"end":{"line":169,"column":41}},{"start":{"line":169,"column":41},"end":{"line":169,"column":null}}],"line":169},"60":{"loc":{"start":{"line":170,"column":21},"end":{"line":170,"column":null}},"type":"binary-expr","locations":[{"start":{"line":170,"column":21},"end":{"line":170,"column":41}},{"start":{"line":170,"column":41},"end":{"line":170,"column":null}}],"line":170},"61":{"loc":{"start":{"line":171,"column":20},"end":{"line":171,"column":null}},"type":"binary-expr","locations":[{"start":{"line":171,"column":20},"end":{"line":171,"column":39}},{"start":{"line":171,"column":39},"end":{"line":171,"column":null}}],"line":171},"62":{"loc":{"start":{"line":172,"column":20},"end":{"line":172,"column":null}},"type":"binary-expr","locations":[{"start":{"line":172,"column":20},"end":{"line":172,"column":39}},{"start":{"line":172,"column":39},"end":{"line":172,"column":null}}],"line":172},"63":{"loc":{"start":{"line":173,"column":27},"end":{"line":173,"column":null}},"type":"binary-expr","locations":[{"start":{"line":173,"column":27},"end":{"line":173,"column":53}},{"start":{"line":173,"column":53},"end":{"line":173,"column":null}}],"line":173},"64":{"loc":{"start":{"line":174,"column":27},"end":{"line":174,"column":null}},"type":"binary-expr","locations":[{"start":{"line":174,"column":27},"end":{"line":174,"column":53}},{"start":{"line":174,"column":53},"end":{"line":174,"column":null}}],"line":174},"65":{"loc":{"start":{"line":175,"column":21},"end":{"line":175,"column":null}},"type":"binary-expr","locations":[{"start":{"line":175,"column":21},"end":{"line":175,"column":41}},{"start":{"line":175,"column":41},"end":{"line":175,"column":null}}],"line":175},"66":{"loc":{"start":{"line":176,"column":21},"end":{"line":176,"column":null}},"type":"binary-expr","locations":[{"start":{"line":176,"column":21},"end":{"line":176,"column":41}},{"start":{"line":176,"column":41},"end":{"line":176,"column":null}}],"line":176},"67":{"loc":{"start":{"line":177,"column":26},"end":{"line":178,"column":null}},"type":"cond-expr","locations":[{"start":{"line":177,"column":52},"end":{"line":178,"column":83}},{"start":{"line":178,"column":83},"end":{"line":178,"column":null}}],"line":177},"68":{"loc":{"start":{"line":179,"column":27},"end":{"line":179,"column":null}},"type":"binary-expr","locations":[{"start":{"line":179,"column":27},"end":{"line":179,"column":69}},{"start":{"line":179,"column":69},"end":{"line":179,"column":null}}],"line":179},"69":{"loc":{"start":{"line":180,"column":21},"end":{"line":180,"column":null}},"type":"cond-expr","locations":[{"start":{"line":180,"column":47},"end":{"line":180,"column":111}},{"start":{"line":180,"column":111},"end":{"line":180,"column":null}}],"line":180},"70":{"loc":{"start":{"line":202,"column":24},"end":{"line":202,"column":null}},"type":"binary-expr","locations":[{"start":{"line":202,"column":24},"end":{"line":202,"column":63}},{"start":{"line":202,"column":63},"end":{"line":202,"column":null}}],"line":202},"71":{"loc":{"start":{"line":203,"column":24},"end":{"line":203,"column":null}},"type":"binary-expr","locations":[{"start":{"line":203,"column":24},"end":{"line":203,"column":47}},{"start":{"line":203,"column":47},"end":{"line":203,"column":null}}],"line":203},"72":{"loc":{"start":{"line":204,"column":35},"end":{"line":204,"column":null}},"type":"binary-expr","locations":[{"start":{"line":204,"column":35},"end":{"line":204,"column":85}},{"start":{"line":204,"column":85},"end":{"line":204,"column":null}}],"line":204},"73":{"loc":{"start":{"line":205,"column":37},"end":{"line":205,"column":null}},"type":"binary-expr","locations":[{"start":{"line":205,"column":37},"end":{"line":205,"column":89}},{"start":{"line":205,"column":89},"end":{"line":205,"column":null}}],"line":205},"74":{"loc":{"start":{"line":206,"column":24},"end":{"line":206,"column":null}},"type":"binary-expr","locations":[{"start":{"line":206,"column":24},"end":{"line":206,"column":47}},{"start":{"line":206,"column":47},"end":{"line":206,"column":null}}],"line":206},"75":{"loc":{"start":{"line":208,"column":4},"end":{"line":309,"column":null}},"type":"if","locations":[{"start":{"line":208,"column":4},"end":{"line":309,"column":null}},{"start":{"line":225,"column":4},"end":{"line":309,"column":null}}],"line":208},"76":{"loc":{"start":{"line":209,"column":22},"end":{"line":209,"column":null}},"type":"cond-expr","locations":[{"start":{"line":209,"column":47},"end":{"line":209,"column":110}},{"start":{"line":209,"column":110},"end":{"line":209,"column":null}}],"line":209},"77":{"loc":{"start":{"line":212,"column":23},"end":{"line":212,"column":null}},"type":"binary-expr","locations":[{"start":{"line":212,"column":23},"end":{"line":212,"column":45}},{"start":{"line":212,"column":45},"end":{"line":212,"column":null}}],"line":212},"78":{"loc":{"start":{"line":213,"column":21},"end":{"line":213,"column":null}},"type":"binary-expr","locations":[{"start":{"line":213,"column":21},"end":{"line":213,"column":41}},{"start":{"line":213,"column":41},"end":{"line":213,"column":null}}],"line":213},"79":{"loc":{"start":{"line":214,"column":21},"end":{"line":214,"column":null}},"type":"binary-expr","locations":[{"start":{"line":214,"column":21},"end":{"line":214,"column":41}},{"start":{"line":214,"column":41},"end":{"line":214,"column":null}}],"line":214},"80":{"loc":{"start":{"line":215,"column":20},"end":{"line":215,"column":null}},"type":"binary-expr","locations":[{"start":{"line":215,"column":20},"end":{"line":215,"column":39}},{"start":{"line":215,"column":39},"end":{"line":215,"column":null}}],"line":215},"81":{"loc":{"start":{"line":216,"column":20},"end":{"line":216,"column":null}},"type":"binary-expr","locations":[{"start":{"line":216,"column":20},"end":{"line":216,"column":39}},{"start":{"line":216,"column":39},"end":{"line":216,"column":null}}],"line":216},"82":{"loc":{"start":{"line":217,"column":27},"end":{"line":217,"column":null}},"type":"binary-expr","locations":[{"start":{"line":217,"column":27},"end":{"line":217,"column":53}},{"start":{"line":217,"column":53},"end":{"line":217,"column":null}}],"line":217},"83":{"loc":{"start":{"line":218,"column":27},"end":{"line":218,"column":null}},"type":"binary-expr","locations":[{"start":{"line":218,"column":27},"end":{"line":218,"column":53}},{"start":{"line":218,"column":53},"end":{"line":218,"column":null}}],"line":218},"84":{"loc":{"start":{"line":219,"column":21},"end":{"line":219,"column":null}},"type":"binary-expr","locations":[{"start":{"line":219,"column":21},"end":{"line":219,"column":41}},{"start":{"line":219,"column":41},"end":{"line":219,"column":null}}],"line":219},"85":{"loc":{"start":{"line":220,"column":21},"end":{"line":220,"column":null}},"type":"binary-expr","locations":[{"start":{"line":220,"column":21},"end":{"line":220,"column":41}},{"start":{"line":220,"column":41},"end":{"line":220,"column":null}}],"line":220},"86":{"loc":{"start":{"line":222,"column":24},"end":{"line":222,"column":null}},"type":"binary-expr","locations":[{"start":{"line":222,"column":24},"end":{"line":222,"column":47}},{"start":{"line":222,"column":47},"end":{"line":222,"column":null}}],"line":222},"87":{"loc":{"start":{"line":225,"column":4},"end":{"line":309,"column":null}},"type":"if","locations":[{"start":{"line":225,"column":4},"end":{"line":309,"column":null}},{"start":{"line":257,"column":4},"end":{"line":309,"column":null}}],"line":225},"88":{"loc":{"start":{"line":227,"column":22},"end":{"line":227,"column":null}},"type":"cond-expr","locations":[{"start":{"line":227,"column":52},"end":{"line":227,"column":127}},{"start":{"line":227,"column":127},"end":{"line":227,"column":null}}],"line":227},"89":{"loc":{"start":{"line":230,"column":12},"end":{"line":230,"column":null}},"type":"binary-expr","locations":[{"start":{"line
[...]
[{"start":{"line":279,"column":9},"end":{"line":279,"column":33}},{"start":{"line":279,"column":33},"end":{"line":279,"column":null}}],"line":279},"93":{"loc":{"start":{"line":279,"column":50},"end":{"line":279,"column":92}},"type":"binary-expr","locations":[{"start":{"line":279,"column":50},"end":{"line":279,"column":55}},{"start":{"line":279,"column":55},"end":{"line":279,"column":80}},{"start":{"line":279,"column":80},"end":{"line":279,"column":92}}],"line":279},"94":{"loc":{"start":{"line":285,"column":2},"end":{"line":285,"column":null}},"type":"if","locations":[{"start":{"line":285,"column":2},"end":{"line":285,"column":null}},{"start":{},"end":{}}],"line":285},"95":{"loc":{"start":{"line":286,"column":2},"end":{"line":286,"column":null}},"type":"if","locations":[{"start":{"line":286,"column":2},"end":{"line":286,"column":null}},{"start":{},"end":{}}],"line":286},"96":{"loc":{"start":{"line":287,"column":2},"end":{"line":287,"column":null}},"type":"if","locations":[{"start":{"line":287,"column":2},"end":{"line":287,"column":null}},{"start":{},"end":{}}],"line":287},"97":{"loc":{"start":{"line":288,"column":2},"end":{"line":288,"column":null}},"type":"if","locations":[{"start":{"line":288,"column":2},"end":{"line":288,"column":null}},{"start":{},"end":{}}],"line":288},"98":{"loc":{"start":{"line":289,"column":2},"end":{"line":289,"column":null}},"type":"if","locations":[{"start":{"line":289,"column":2},"end":{"line":289,"column":null}},{"start":{},"end":{}}],"line":289},"99":{"loc":{"start":{"line":290,"column":2},"end":{"line":290,"column":null}},"type":"if","locations":[{"start":{"line":290,"column":2},"end":{"line":290,"column":null}},{"start":{},"end":{}}],"line":290}},"s":{"0":0,"1":0,"2":0,"3":0,"4":0,"5":0,"6":0,"7":0,"8":0,"9":0,"10":0,"11":0,"12":0,"13":0,"14":0,"15":0,"16":0,"17":0,"18":0,"19":0,"20":0,"21":0,"22":0,"23":0,"24":0,"25":0,"26":0,"27":0,"28":0,"29":0,"30":0,"31":0,"32":0,"33":0,"34":0,"35":0,"36":0,"37":0,"38":0,"39":0,"40":0,"41":0,"42":0,"43":0,"44":0,"45":0,"46":0,"47":0,"48":0,"49":0,"50":0,"51":0,"52":0,"53":0,"54":0,"55":0,"56":0,"57":0,"58":0,"59":0,"60":0,"61":0,"62":0,"63":0,"64":0,"65":0,"66":0,"67":0,"68":0,"69":0,"70":0,"71":0,"72":0,"73":0,"74":0,"75":0,"76":0,"77":0,"78":0,"79":0,"80":0,"81":0,"82":0,"83":0,"84":0,"85":0,"86":0},"f":{"0":0,"1":0,"2":0,"3":0,"4":0,"5":0,"6":0,"7":0,"8":0,"9":0,"10":0,"11":0,"12":0,"13":0,"14":0,"15":0,"16":0,"17":0,"18":0,"19":0},"b":{"0":[0,0],"1":[0,0],"2":[0,0],"3":[0,0],"4":[0,0],"5":[0,0],"6":[0,0],"7":[0,0],"8":[0,0],"9":[0,0],"10":[0,0],"11":[0,0],"12":[0,0],"13":[0,0],"14":[0,0],"15":[0,0],"16":[0,0],"17":[0,0],"18":[0,0],"19":[0,0],"20":[0,0],"21":[0,0],"22":[0,0],"23":[0,0],"24":[0,0],"25":[0,0],"26":[0,0],"27":[0,0],"28":[0,0],"29":[0,0],"30":[0,0],"31":[0,0],"32":[0,0],"33":[0,0],"34":[0,0],"35":[0,0],"36":[0,0],"37":[0,0],"38":[0,0],"39":[0,0],"40":[0,0],"41":[0,0],"42":[0,0],"43":[0,0],"44":[0,0],"45":[0,0],"46":[0,0],"47":[0,0],"48":[0,0],"49":[0,0],"50":[0,0],"51":[0,0],"52":[0,0],"53":[0,0],"54":[0,0],"55":[0,0],"56":[0,0],"57":[0,0],"58":[0,0],"59":[0,0],"60":[0,0],"61":[0,0],"62":[0,0],"63":[0,0],"64":[0,0],"65":[0,0],"66":[0,0],"67":[0,0],"68":[0,0],"69":[0,0],"70":[0,0],"71":[0,0],"72":[0,0],"73":[0,0],"74":[0,0],"75":[0,0],"76":[0,0],"77":[0,0],"78":[0,0],"79":[0,0],"80":[0,0],"81":[0,0],"82":[0,0],"83":[0,0],"84":[0,0],"85":[0,0],"86":[0,0],"87":[0,0,0],"88":[0,0,0,0,0,0,0],"89":[0,0],"90":[0,0,0,0,0],"91":[0,0],"92":[0,0],"93":[0,0,0],"94":[0,0],"95":[0,0],"96":[0,0],"97":[0,0],"98":[0,0],"99":[0,0]},"meta":{"lastBranch":100,"lastFunction":20,"lastStatement":87,"seen":{"f:15:9:15:20":0,"s:16:2:16:Infinity":0,"b:16:9:16:27:16:27:16:Infinity":0,"f:20:16:20:31":1,"s:21:28:21:Infinity":1,"s:22:32:22:Infinity":2,"s:23:16:23:Infinity":3,"s:24:28:24:Infinity":4,"s:26:46:26:Infinity":5,"s:27:42:27:Infinity":6,"b:29:2:47:Infinity:37:2:47:Infinity":1,"s:29:2:47:Infinity":7,"s:30:4:36:Infinity":8,"b:32:30:32:89:32:89:32:Infinity":2,"b:32:39:32:80:32:80:32:85":3,"b:34:10:34:Infinity:35:10:35:Infinity":4,"b:37:2:47:Infinity:undefined:undefined:undefined:undefined":5,"s:37:2:47:Infinity":9,"s:38:4:46:Infinity":10,"b:39:11:39:29:39:29:39:Infinity":6,"b:40:15:40:35:40:35:40:Infinity":7,"b:41:16:41:39:41:39:41:Infinity":8,"b:42:15:42:37:42:37:42:Infinity":9,"b:43:14:43:35:43:35:43:Infinity":10,"s:49:2:59:Infinity":11,"b:50:17:50:64:50:64:50:Infinity":11,"b:50:26:50:55:50:55:50:60":12,"b:52:8:52:Infinity:53:8:53:Infinity":13,"b:57:8:57:Infinity:58:8:58:Infinity":14,"f:63:16:63:33":2,"b:64:2:64:Infinity:undefined:undefined:undefined:undefined":15,"s:64:2:64:Infinity":12,"s:64:13:64:Infinity":13,"s:65:15:65:Infinity":14,"b:65:43:65:83:65:83:65:Infinity":16,"s:67:17:73:Infinity":15,"b:68:6:72:Infinity:73:6:73:Infinity":17,"b:70:13:70:34:70:34:70:Infinity":18,"b:71:16:71:40:71:40:71:Infinity":19,"s:75:14:75:Infinity":16,"b:76:2:98:Infinity:88:2:98:Infinity":20,"s:76:2:98:Infinity":17,"s:77:4:87:Infinity":18,"b:79:52:79:104:79:104:79:Infinity":21,"b:81:10:85:Infinity:86:10:86:Infinity":22,"b:83:17:83:50:83:50:83:Infinity":23,"b:84:20:84:56:84:56:84:Infinity":24,"b:88:2:98:Infinity:undefined:undefined:undefined:undefined":25,"s:88:2:98:Infinity":19,"s:89:4:97:Infinity":20,"b:90:11:90:33:90:33:90:Infinity":26,"b:91:13:91:37:91:37:91:Infinity":27,"b:92:16:92:43:92:43:92:Infinity":28,"b:93:15:93:41:93:41:93:Infinity":29,"b:94:14:94:39:94:39:94:Infinity":30,"s:100:15:117:Infinity":21,"b:101:6:116:Infinity:117:6:117:Infinity":31,"b:102:12:102:30:102:30:102:Infinity":32,"b:103:12:103:30:103:30:103:Infinity":33,"b:104:15:104:36:104:36:104:Infinity":34,"b:105:15:105:36:105:36:105:Infinity":35,"b:106:45:106:90:106:90:106:Infinity":36,"b:108:10:112:Infinity:113:10:113:Infinity":37,"b:110:17:110:43:110:43:110:Infinity":38,"b:111:20:111:49:111:49:111:Infinity":39,"b:114:13:114:32:114:32:114:Infinity":40,"b:115:16:115:38:115:38:115:Infinity":41,"s:119:2:119:Infinity":22,"f:123:9:123:25":3,"b:124:2:124:Infinity:undefined:undefined:undefined:undefined":42,"s:124:2:124:Infinity":23,"s:124:15:124:Infinity":24,"s:126:2:134:Infinity":25,"b:127:11:127:42:127:42:127:Infinity":43,"b:128:13:128:36:128:36:128:Infinity":44,"b:129:14:129:38:129:38:129:Infinity":45,"b:130:14:130:40:130:40:130:Infinity":46,"b:131:20:131:50:131:50:131:Infinity":47,"b:132:16:132:42:132:42:132:Infinity":48,"b:133:11:133:32:133:32:133:Infinity":49,"f:137:9:137:27":4,"b:138:2:138:Infinity:undefined:undefined:undefined:undefined":50,"s:138:2:138:Infinity":26,"b:138:6:138:15:138:15:138:37":51,"s:138:37:138:Infinity":27,"s:140:2:148:Infinity":28,"b:142:11:142:25:142:25:142:Infinity":52,"b:143:13:143:29:143:29:143:Infinity":53,"b:144:14:144:31:144:31:144:Infinity":54,"b:145:14:145:31:145:31:145:Infinity":55,"b:146:20:146:43:146:43:146:Infinity":56,"b:147:16:147:35:147:35:147:Infinity":57,"f:151:9:151:23":5,"b:152:2:152:Infinity:undefined:undefined:undefined:undefined":58,"s:152:2:152:Infinity":29,"s:152:13:152:Infinity":30,"s:154:2:163:Infinity":31,"b:155:10:155:28:155:28:155:Infinity":59,"b:156:10:156:28:156:28:156:Infinity":60,"b:157:13:157:34:157:34:157:Infinity":61,"b:158:13:158:34:158:34:158:Infinity":62,"b:159:27:159:85:159:85:159:Infinity":63,"b:159:36:159:76:159:76:159:81":64,"b:161:12:161:31:161:31:161:Infinity":65,"b:162:14:162:36:162:36:162:Infinity":66,"f:166:9:166:25":6,"b:167:2:167:Infinity:undefined:undefined:undefined:undefined":67,"s:167:2:167:Infinity":32,"s:167:13:167:Infinity":33,"s:169:2:178:Infinity":34,"b:170:10:170:23:170:23:170:Infinity":68,"b:171:10:171:23:171:23:171:Infinity":69,"b:172:13:172:29:172:29:172:Infinity":70,"b:173:13:173:29:173:29:173:Infinity":71,"b:174:38:174:78:174:78:174:Infinity":72,"b:176:11:176:25:176:25:176:Infinity":73,"b:177:14:177:31:177:31:177:Infinity":74,"f:182:16:182:36":7,"b:184:2:195:Infinity:186:2:195:Infinity":75,"s:184:2:195:Infinity":35,"s:185:4:185:Infinity":36,"b:186:2:195:Infinity:188:2:195:Infinity":76,"s:186:2:195:Infinity":37,"s:187:4:187:Infinity":38,"b:188:2:195:Infinity:193:2:195:Infinity":77,"s:188:2:195:Infinity":39,"s:192:4:192:Infinity":40,"b:193:2:195:Infinity:undefined:undefined:undefined:undefined":78,"s:193:2:195:Infinity":41,"s:194:4:194:Infinity":42,"b:196:2:203:Infinity:199:2:203:Infinity":79,"s:196:2:203:Infinity":43,"s:198:4:198:Infinity":44,"b:199:2:203:Infinity:201:9:203:Infinity":80,"s:199:2:203:Infinity":45,"s:200:4:200:Infinity":46,"s:202:4:202:Infinity":47,"f:207:16:207:38":8,"b:209:2:209:Infinity:undefined:undefined:undefined:undefined":81,"s:209:2:209:Infinity":48,"s:209:14:209:Infinity":49,"b:212:2:214:Infinity:undefined:undefined:undefined:undefined":82,"s:212:2:214:Infinity":50,"s:213:4:213:Infinity":51,"b:217:2:219:Infinity:undefined:undefined:undefined:undefined":83,"s:217:2:219:Infinity":52,"b:217:6:217:30:217:30:217:62":84,"s:218:4:218:Infinity":53,"b:222:2:231:Infinity:undefined:undefined:undefined:undefined":85,"s:222:2:231:Infinity":54,"s:223:4:230:Infinity":55,"s:225:12:225:Infinity":56,"s:226:6:226:Infinity":57,"s:228:6:228:Infinity":58,"s:229:6:229:Infinity":59,"b:234:2:236:Infinity:undefined:undefined:undefined:undefined":86,"s:234:2:236:Infinity":60,"b:234:6:234:28:234:28:234:55:234:55:234:75":87,"s:235:4:235:Infinity":61,"s:238:2:238:Infinity":62,"s:239:2:239:Infinity":63,"f:243:9:243:27":9,"s:244:2:244:Infinity":64,"b:244:9:244:18:244:18:244:48:244:48:244:67:244:67:244:88:244:88:244:114:244:114:244:138:244:138:244:Infinity":88,"f:249:16:249:24":10,"s:250:2:250:Infinity":65,"f:254:16:254:29":11,"s:255:2:255:Infinity":66,"b:255:9:255:33:255:33:255:Infinity":89,"f:255:45:255:50":12,"s:255:50:255:68":67,"f:259:16:259:32":13,"s:260:2:260:Infinity":68,"f:264:16:264:28":14,"s:265:2:269:Infinity":69,"b:265:9:265:Infinity:266:7:266:Infinity:267:7:267:Infinity:268:7:268:Infinity:269:7:269:Infinity":90,"f:273:16:273:33":15,"s:274:2:274:Infinity":70,"b:274:9:274:33:274:33:274:Infinity":91,"f:274:45:274:50":16,"s:274:50:274:64":71,"f:278:16:278:28":17,"s:279:2:279:Infinity":72,"b:279:9:279:33:279:33:279:Infinity":92,"f:279:45:279:50":18,"s:279:50:279:92":73,"b:279:50:279:55:279:55:279:80:279:80:279:92":93,"f:284:16:284:32":19,"b:285:2:285:Infinity:undefined:undefined:undefined:undefined":94,"s:285:2:285:Infinity":74,"s:285:22:285:Infinity":75,"b:286:2:286:Infinity:undefined:undefined:undefined:undefined":95,"s:286:2:286:Infinity":76,"s:286:27:286:Infinity":77,"b:287:2:287:Infinity:undefined:undefined:undefined:undefined":96,"s:287:2:287:Infinity":78,"s:287:30:287:Infinity":79,"b:288:2:288:Infinity:undefined:undefined:undefined:undefined":97,"s:288:2:288:Infinity":80,"s:288:26:288:Infinity":81,"b:289:2:289:Infinity:undefined:undefined:undefined:undefined":98,"s:289:2:289:Infinity":82,"s:289:31:289:Infinity":83,"b:290:2:290:Infinity:undefined:undefined:undefined:undefined":99,"s:290:2:290:Infinity":84,"s:290:26:290:Infinity":85,"s:291:2:291:Infinity":86}}}
,"/Users/yiyue/repos/openlayers-serializer/src/serializer/utils.ts": {"path":"/Users/yiyue/repos/openlayers-serializer/src/serializer/utils.ts","statementMap":{"0":{"start":{"line":4,"column":2},"end":{"line":16,"column":null}},"1":{"start":{"line":5,"column":4},"end":{"line":5,"column":null}},"2":{"start":{"line":6,"column":2},"end":{"line":16,"column":null}},"3":{"start":{"line":7,"column":24},"end":{"line":7,"column":null}},"4":{"start":{"line":8,"column":4},"end":{"line":14,"column":null}},"5":{"start":{"line":9,"column":6},"end":{"line":13,"column":null}},"6":{"start":{"line":10,"column":8},"end":{"line":10,"column":null}},"7":{"start":{"line":12,"column":8},"end":{"line":12,"column":null}},"8":{"start":{"line":15,"column":4},"end":{"line":15,"column":null}},"9":{"start":{"line":17,"column":2},"end":{"line":17,"column":null}},"10":{"start":{"line":24,"column":2},"end":{"line":26,"column":null}},"11":{"start":{"line":25,"column":43},"end":{"line":25,"column":53}},"12":{"start":{"line":30,"column":29},"end":{"line":30,"column":null}},"13":{"start":{"line":31,"column":2},"end":{"line":37,"column":null}},"14":{"start":{"line":32,"column":18},"end":{"line":32,"column":null}},"15":{"start":{"line":33,"column":4},"end":{"line":35,"column":null}},"16":{"start":{"line":34,"column":6},"end":{"line":34,"column":null}},"17":{"start":{"line":38,"column":2},"end":{"line":38,"column":null}},"18":{"start":{"line":45,"column":2},"end":{"line":45,"column":null}},"19":{"start":{"line":52,"column":2},"end":{"line":54,"column":null}},"20":{"start":{"line":53,"column":4},"end":{"line":53,"column":null}},"21":{"start":{"line":57,"column":2},"end":{"line":66,"column":null}},"22":{"start":{"line":58,"column":4},"end":{"line":58,"column":null}},"23":{"start":{"line":59,"column":4},"end":{"line":65,"column":null}},"24":{"start":{"line":61,"column":6},"end":{"line":61,"column":null}},"25":{"start":{"line":63,"column":6},"end":{"line":63,"column":null}},"26":{"start":{"line":64,"column":6},"end":{"line":64,"column":null}},"27":{"start":{"line":68,"column":2},"end":{"line":68,"column":null}}},"fnMap":{"0":{"name":"cleanUndefined","decl":{"start":{"line":3,"column":16},"end":{"line":3,"column":31}},"loc":{"start":{"line":3,"column":46},"end":{"line":18,"column":null}},"line":3},"1":{"name":"cleanNull","decl":{"start":{"line":23,"column":16},"end":{"line":23,"column":57}},"loc":{"start":{"line":23,"column":77},"end":{"line":27,"column":null}},"line":23},"2":{"name":"(anonymous_2)","decl":{"start":{"line":25,"column":31},"end":{"line":25,"column":32}},"loc":{"start":{"line":25,"column":43},"end":{"line":25,"column":53}},"line":25},"3":{"name":"cleanNullToUndefined","decl":{"start":{"line":29,"column":16},"end":{"line":29,"column":68}},"loc":{"start":{"line":29,"column":88},"end":{"line":39,"column":null}},"line":29},"4":{"name":"serializeFunction","decl":{"start":{"line":44,"column":16},"end":{"line":44,"column":34}},"loc":{"start":{"line":44,"column":94},"end":{"line":46,"column":null}},"line":44},"5":{"name":"deserializeFunction","decl":{"start":{"line":51,"column":16},"end":{"line":51,"column":36}},"loc":{"start":{"line":51,"column":106},"end":{"line":69,"column":null}},"line":51}},"branchMap":{"0":{"loc":{"start":{"line":4,"column":2},"end":{"line":16,"column":null}},"type":"if","locations":[{"start":{"line":4,"column":2},"end":{"line":16,"column":null}},{"start":{"line":6,"column":2},"end":{"line":16,"column":null}}],"line":4},"1":{"loc":{"start":{"line":6,"column":2},"end":{"line":16,"column":null}},"type":"if","locations":[{"start":{"line":6,"column":2},"end":{"line":16,"column":null}},{"start":{},"end":{}}],"line":6},"2":{"loc":{"start":{"line":6,"column":13},"end":{"line":6,"column":45}},"type":"binary-expr","locations":[{"start":{"line":6,"column":13},"end":{"line":6,"column":20}},{"start":{"line":6,"column":20},"end":{"line":6,"column":45}}],"line":6},"3":{"loc":{"start":{"line":9,"column":6},"end":{"line":13,"column":null}},"type":"if","locations":[{"start":{"line":9,"column":6},"end":{"line":13,"column":null}},{"start":{"line":11,"column":13},"end":{"line":13,"column":null}}],"line":9},"4":{"loc":{"start":{"line":33,"column":4},"end":{"line":35,"column":null}},"type":"if","locations":[{"start":{"line":33,"column":4},"end":{"line":35,"column":null}},{"start":{},"end":{}}],"line":33},"5":{"loc":{"start":{"line":52,"column":2},"end":{"line":54,"column":null}},"type":"if","locations":[{"start":{"line":52,"column":2},"end":{"line":54,"column":null}},{"start":{},"end":{}}],"line":52},"6":{"loc":{"start":{"line":57,"column":2},"end":{"line":66,"column":null}},"type":"if","locations":[{"start":{"line":57,"column":2},"end":{"line":66,"column":null}},{"start":{},"end":{}}],"line":57}},"s":{"0":57,"1":4,"2":53,"3":6,"4":6,"5":40,"6":2,"7":38,"8":6,"9":47,"10":3,"11":8,"12":2,"13":2,"14":16,"15":16,"16":14,"17":2,"18":2,"19":5,"20":2,"21":3,"22":2,"23":2,"24":2,"25":1,"26":1,"27":1},"f":{"0":57,"1":3,"2":8,"3":2,"4":2,"5":5},"b":{"0":[4,53],"1":[6,47],"2":[53,33],"3":[2,38],"4":[14,2],"5":[2,3],"6":[2,1]},"meta":{"lastBranch":7,"lastFunction":6,"lastStatement":28,"seen":{"f:3:16:3:31":0,"b:4:2:16:Infinity:6:2:16:Infinity":0,"s:4:2:16:Infinity":0,"s:5:4:5:Infinity":1,"b:6:2:16:Infinity:undefined:undefined:undefined:undefined":1,"s:6:2:16:Infinity":2,"b:6:13:6:20:6:20:6:45":2,"s:7:24:7:Infinity":3,"s:8:4:14:Infinity":4,"b:9:6:13:Infinity:11:13:13:Infinity":3,"s:9:6:13:Infinity":5,"s:10:8:10:Infinity":6,"s:12:8:12:Infinity":7,"s:15:4:15:Infinity":8,"s:17:2:17:Infinity":9,"f:23:16:23:57":1,"s:24:2:26:Infinity":10,"f:25:31:25:32":2,"s:25:43:25:53":11,"f:29:16:29:68":3,"s:30:29:30:Infinity":12,"s:31:2:37:Infinity":13,"s:32:18:32:Infinity":14,"b:33:4:35:Infinity:undefined:undefined:undefined:undefined":4,"s:33:4:35:Infinity":15,"s:34:6:34:Infinity":16,"s:38:2:38:Infinity":17,"f:44:16:44:34":4,"s:45:2:45:Infinity":18,"f:51:16:51:36":5,"b:52:2:54:Infinity:undefined:undefined:undefined:undefined":5,"s:52:2:54:Infinity":19,"s:53:4:53:Infinity":20,"b:57:2:66:Infinity:undefined:undefined:undefined:undefined":6,"s:57:2:66:Infinity":21,"s:58:4:58:Infinity":22,"s:59:4:65:Infinity":23,"s:61:6:61:Infinity":24,"s:63:6:63:Infinity":25,"s:64:6:64:Infinity":26,"s:68:2:68:Infinity":27}}}
,"/Users/yiyue/repos/openlayers-serializer/src/serializer/view.ts": {"path":"/Users/yiyue/repos/openlayers-serializer/src/serializer/view.ts","statementMap":{"0":{"start":{"line":9,"column":40},"end":{"line":33,"column":null}},"1":{"start":{"line":35,"column":4},"end":{"line":35,"column":null}},"2":{"start":{"line":39,"column":8},"end":{"line":39,"column":null}},"3":{"start":{"line":40,"column":4},"end":{"line":40,"column":null}}},"fnMap":{"0":{"name":"serializeView","decl":{"start":{"line":7,"column":16},"end":{"line":7,"column":30}},"loc":{"start":{"line":7,"column":59},"end":{"line":36,"column":null}},"line":7},"1":{"name":"deserializeView","decl":{"start":{"line":38,"column":16},"end":{"line":38,"column":32}},"loc":{"start":{"line":38,"column":61},"end":{"line":41,"column":null}},"line":38}},"branchMap":{"0":{"loc":{"start":{"line":10,"column":17},"end":{"line":10,"column":null}},"type":"binary-expr","locations":[{"start":{"line":10,"column":17},"end":{"line":10,"column":58}},{"start":{"line":10,"column":58},"end":{"line":10,"column":null}}],"line":10},"1":{"loc":{"start":{"line":14,"column":29},"end":{"line":14,"column":null}},"type":"binary-expr","locations":[{"start":{"line":14,"column":29},"end":{"line":14,"column":60}},{"start":{"line":14,"column":60},"end":{"line":14,"column":null}}],"line":14},"2":{"loc":{"start":{"line":24,"column":20},"end":{"line":24,"column":null}},"type":"binary-expr","locations":[{"start":{"line":24,"column":20},"end":{"line":24,"column":55}},{"start":{"line":24,"column":55},"end":{"line":24,"column":null}}],"line":24},"3":{"loc":{"start":{"line":25,"column":20},"end":{"line":25,"column":null}},"type":"binary-expr","locations":[{"start":{"line":25,"column":20},"end":{"line":25,"column":44}},{"start":{"line":25,"column":44},"end":{"line":25,"column":null}}],"line":25},"4":{"loc":{"start":{"line":26,"column":21},"end":{"line":26,"column":null}},"type":"binary-expr","locations":[{"start":{"line":26,"column":21},"end":{"line":26,"column":46}},{"start":{"line":26,"column":46},"end":{"line":26,"column":null}}],"line":26},"5":{"loc":{"start":{"line":31,"column":14},"end":{"line":31,"column":null}},"type":"binary-expr","locations":[{"start":{"line":31,"column":14},"end":{"line":31,"column":32}},{"start":{"line":31,"column":32},"end":{"line":31,"column":null}}],"line":31}},"s":{"0":3,"1":3,"2":1,"3":1},"f":{"0":3,"1":1},"b":{"0":[3,0],"1":[3,0],"2":[3,0],"3":[3,0],"4":[3,3],"5":[3,0]},"meta":{"lastBranch":6,"lastFunction":2,"lastStatement":4,"seen":{"f:7:16:7:30":0,"s:9:40:33:Infinity":0,"b:10:17:10:58:10:58:10:Infinity":0,"b:14:29:14:60:14:60:14:Infinity":1,"b:24:20:24:55:24:55:24:Infinity":2,"b:25:20:25:44:25:44:25:Infinity":3,"b:26:21:26:46:26:46:26:Infinity":4,"b:31:14:31:32:31:32:31:Infinity":5,"s:35:4:35:Infinity":1,"f:38:16:38:32":1,"s:39:8:39:Infinity":2,"s:40:4:40:Infinity":3}}}
}
